

******** <class 'pyscf.dft.uks.UKS'> ********
method = UKS-UHF
initial guess = minao
damping factor = 0
level_shift factor = 0
DIIS = <class 'pyscf.scf.diis.CDIIS'>
diis_start_cycle = 1
diis_space = 8
SCF conv_tol = 1e-06
SCF conv_tol_grad = None
SCF max_cycles = 300
direct_scf = True
direct_scf_tol = 1e-13
chkfile to save SCF result = /tmp/tmpxmncopv0
max_memory 4000 MB (current use 144 MB)
number electrons alpha = 12  beta = 12
XC functionals = LDA,PW
small_rho_cutoff = 1e-07
Set gradient conv threshold to 0.001
init E= -189.235056823632
  alpha nocc = 12  HOMO = -0.0356759433409935  LUMO = 0.123825686854201
  beta  nocc = 12  HOMO = -0.0490574145695059  LUMO = 0.122429745967821
cycle= 1 E= -188.181838577546  delta_E= 1.05  |g|= 0.615  |ddm|= 1.88
  alpha nocc = 12  HOMO = -0.202051134574132  LUMO = -0.0854767500594969
  beta  nocc = 12  HOMO = -0.202101754564845  LUMO = -0.085519130322851
cycle= 2 E= -187.131321150925  delta_E= 1.05  |g|= 1.72  |ddm|= 1.57
  alpha nocc = 12  HOMO = -0.316325957980676  LUMO = -0.0957164605248147
  beta  nocc = 12  HOMO = -0.316359400355867  LUMO = -0.0958384889559238
cycle= 3 E= -188.272907023359  delta_E= -1.14  |g|= 0.466  |ddm|= 1.34
  alpha nocc = 12  HOMO = -0.269130453436421  LUMO = -0.0681589101065852
  beta  nocc = 12  HOMO = -0.269178455268032  LUMO = -0.0682439959299045
cycle= 4 E= -188.354593484858  delta_E= -0.0817  |g|= 0.122  |ddm|= 0.349
  alpha nocc = 12  HOMO = -0.253022856211577  LUMO = -0.0581164156959458
  beta  nocc = 12  HOMO = -0.253026730618457  LUMO = -0.0581409732441048
cycle= 5 E= -188.359254881545  delta_E= -0.00466  |g|= 0.0474  |ddm|= 0.0935
  alpha nocc = 12  HOMO = -0.261190163521981  LUMO = -0.0653013501387487
  beta  nocc = 12  HOMO = -0.26118724020321  LUMO = -0.0653107994583905
cycle= 6 E= -188.360059213467  delta_E= -0.000804  |g|= 0.00751  |ddm|= 0.0318
  alpha nocc = 12  HOMO = -0.260168159626102  LUMO = -0.0640234271686604
  beta  nocc = 12  HOMO = -0.260165804558257  LUMO = -0.064028302361251
cycle= 7 E= -188.360085836105  delta_E= -2.66e-05  |g|= 0.0017  |ddm|= 0.00647
  alpha nocc = 12  HOMO = -0.260348407733141  LUMO = -0.0640663324202341
  beta  nocc = 12  HOMO = -0.260347108720494  LUMO = -0.0640685070877099
cycle= 8 E= -188.360086983159  delta_E= -1.15e-06  |g|= 0.000215  |ddm|= 0.00132
  alpha nocc = 12  HOMO = -0.260357022754392  LUMO = -0.0640631395854139
  beta  nocc = 12  HOMO = -0.260356336646065  LUMO = -0.0640639976516231
cycle= 9 E= -188.360087007234  delta_E= -2.41e-08  |g|= 3.37e-05  |ddm|= 0.000236
  alpha nocc = 12  HOMO = -0.260362179238919  LUMO = -0.0640606141959494
  beta  nocc = 12  HOMO = -0.260361921136996  LUMO = -0.0640608554484324
Extra cycle  E= -188.360087005146  delta_E= 2.09e-09  |g|= 8.18e-05  |ddm|= 7.3e-05
converged SCF energy = -188.360087005146  <S^2> = 7.8959062e-12  2S+1 = 1
Dipole moment(X, Y, Z, Debye): -1.54751, -0.07093,  0.00005
Isotropic polarizability 23.6764839295
Polarizability anisotropy 11.0737312429


******** <class 'pyscf.grad.uks.Gradients'> for <class 'pyscf.dft.uks.UKS'> ********
max_memory 4000 MB (current use 351 MB)
grid_response = True
--------------- UKS gradients ---------------
         x                y                z
0 O     0.0052182104     0.0002927469    -0.0000003518
1 O    -0.0117656378    -0.0070204794     0.0000007927
2 C     0.0068753575     0.0048692522    -0.0000007747
3 H     0.0002215102     0.0041657420    -0.0000001173
4 H    -0.0005494403    -0.0023072618     0.0000004512
----------------------------------------------


******** <class 'pyscf.dft.uks.UKS'> ********
method = UKS-UHF
initial guess = minao
damping factor = 0
level_shift factor = 0
DIIS = <class 'pyscf.scf.diis.CDIIS'>
diis_start_cycle = 1
diis_space = 8
SCF conv_tol = 1e-06
SCF conv_tol_grad = None
SCF max_cycles = 300
direct_scf = True
direct_scf_tol = 1e-13
chkfile to save SCF result = /tmp/tmpyzgeedpf
max_memory 4000 MB (current use 336 MB)
number electrons alpha = 12  beta = 12
XC functionals = LDA,PW
small_rho_cutoff = 1e-07
Set gradient conv threshold to 0.001
init E= -189.235056823632
  alpha nocc = 12  HOMO = -0.0356759433409934  LUMO = 0.123825686854299
  beta  nocc = 12  HOMO = -0.0490574145695058  LUMO = 0.122429745967929
cycle= 1 E= -188.181838577546  delta_E= 1.05  |g|= 0.615  |ddm|= 1.88
  alpha nocc = 12  HOMO = -0.202051134574144  LUMO = -0.0854767500595124
  beta  nocc = 12  HOMO = -0.202101754564855  LUMO = -0.0855191303228673
cycle= 2 E= -187.131321150926  delta_E= 1.05  |g|= 1.72  |ddm|= 1.57
  alpha nocc = 12  HOMO = -0.316325957980674  LUMO = -0.0957164605248148
  beta  nocc = 12  HOMO = -0.316359400355864  LUMO = -0.0958384889559248
cycle= 3 E= -188.27290702336  delta_E= -1.14  |g|= 0.466  |ddm|= 1.34
  alpha nocc = 12  HOMO = -0.269130453436417  LUMO = -0.0681589101065876
  beta  nocc = 12  HOMO = -0.269178455268027  LUMO = -0.0682439959299067
cycle= 4 E= -188.354593484858  delta_E= -0.0817  |g|= 0.122  |ddm|= 0.349
  alpha nocc = 12  HOMO = -0.25302285621158  LUMO = -0.0581164156959494
  beta  nocc = 12  HOMO = -0.25302673061846  LUMO = -0.0581409732441078
cycle= 5 E= -188.359254881544  delta_E= -0.00466  |g|= 0.0474  |ddm|= 0.0935
  alpha nocc = 12  HOMO = -0.261190163521985  LUMO = -0.0653013501387478
  beta  nocc = 12  HOMO = -0.261187240203213  LUMO = -0.0653107994583912
cycle= 6 E= -188.360059213466  delta_E= -0.000804  |g|= 0.00751  |ddm|= 0.0318
  alpha nocc = 12  HOMO = -0.260168159626105  LUMO = -0.0640234271686624
  beta  nocc = 12  HOMO = -0.260165804558261  LUMO = -0.0640283023612531
cycle= 7 E= -188.360085836106  delta_E= -2.66e-05  |g|= 0.0017  |ddm|= 0.00647
  alpha nocc = 12  HOMO = -0.260348407733144  LUMO = -0.0640663324202327
  beta  nocc = 12  HOMO = -0.260347108720496  LUMO = -0.0640685070877095
cycle= 8 E= -188.360086983158  delta_E= -1.15e-06  |g|= 0.000215  |ddm|= 0.00132
  alpha nocc = 12  HOMO = -0.260357022754393  LUMO = -0.0640631395854109
  beta  nocc = 12  HOMO = -0.260356336646066  LUMO = -0.0640639976516195
cycle= 9 E= -188.360087007235  delta_E= -2.41e-08  |g|= 3.37e-05  |ddm|= 0.000236
  alpha nocc = 12  HOMO = -0.260362179238932  LUMO = -0.0640606141959635
  beta  nocc = 12  HOMO = -0.26036192113701  LUMO = -0.0640608554484458
Extra cycle  E= -188.360087005146  delta_E= 2.09e-09  |g|= 8.18e-05  |ddm|= 7.3e-05
converged SCF energy = -188.360087005146  <S^2> = 7.9012352e-12  2S+1 = 1
--- FOD positions (spin 0, nfod 12) ---
X   -2.2136340  +0.3507043 +0.0000617
X   -1.1795992  -0.0521295 +0.0000755
X   -1.8121636  +1.7774288 -0.0000629
X   -2.8308561  -0.3158765 -1.0697312
X   -2.8308485  -0.3157433 +1.0700006
X   +2.0512981  +0.4596058 -0.0000200
X   +1.2283343  -0.0365124 +0.7689388
X   +1.2283087  -0.0366282 -0.7688530
X   +3.0535569  -0.3347787 +0.0000396
X   +1.8371485  +1.8005888 -0.0001446
X   +0.0054817  -0.7258135 +0.0001103
X   -0.0189089  -2.3492153 +0.0002766
--- FOD positions (spin 1, nfod 12) ---
He   -2.2136340  +0.3507043 +0.0000617
He   -2.8308561  -0.3158765 -1.0697312
He   -2.8308485  -0.3157432 +1.0700006
He   +2.0512980  +0.4596058 -0.0000200
He   +3.0535571  -0.3347786 +0.0000396
He   +1.8371487  +1.8005888 -0.0001446
He   +0.0054817  -0.7258135 +0.0001103
He   +1.2283088  -0.0366281 -0.7688529
He   +1.2283344  -0.0365123 +0.7689387
He   -1.1795992  -0.0521294 +0.0000755
He   -0.0189089  -2.3492153 +0.0002766
He   -1.8121635  +1.7774288 -0.0000629
ESIC = -1.932634
Dipole moment(X, Y, Z, Debye): -1.54751, -0.07093,  0.00005
Isotropic polarizability 23.6764839295
Polarizability anisotropy 11.0737312429


******** <class 'pyscf.dft.uks.UKS'> ********
method = UKS-UHF
initial guess = minao
damping factor = 0
level_shift factor = 0
DIIS = <class 'pyscf.scf.diis.CDIIS'>
diis_start_cycle = 1
diis_space = 8
SCF conv_tol = 1e-09
SCF conv_tol_grad = None
SCF max_cycles = 1
direct_scf = True
direct_scf_tol = 1e-13
chkfile to save SCF result = /tmp/tmpfomifnk7
max_memory 4000 MB (current use 368 MB)
number electrons alpha = 12  beta = 12
XC functionals = LDA,PW
small_rho_cutoff = 1e-07
Set gradient conv threshold to 3.16228e-05
    CPU time for setting up grids      1.80 sec, wall time      0.09 sec
    CPU time for vxc      3.47 sec, wall time      0.19 sec
init E= -189.235056823632
    CPU time for initialize scf      7.25 sec, wall time      0.42 sec
  alpha nocc = 12  HOMO = -0.0356759433409959  LUMO = 0.123825686854227
  beta  nocc = 12  HOMO = -0.0490574145695086  LUMO = 0.122429745967838
    CPU time for vxc      3.63 sec, wall time      0.18 sec
cycle= 1 E= -188.181838577546  delta_E= 1.05  |g|= 0.615  |ddm|= 1.88
    CPU time for cycle= 1      4.58 sec, wall time      0.23 sec
    CPU time for scf_cycle     11.83 sec, wall time      0.65 sec
    CPU time for SCF     11.83 sec, wall time      0.65 sec
SCF not converged.
SCF energy = -188.181838577546 after 1 cycles  <S^2> = 0.0002638428  2S+1 = 1.0005275


******** <class 'flosic_scf.FLOSIC'> ********
method = FLOSIC-UHF
initial guess = minao
damping factor = 0
level_shift factor = 0
DIIS = <class 'pyscf.scf.diis.CDIIS'>
diis_start_cycle = 1
diis_space = 8
SCF conv_tol = 1e-06
SCF conv_tol_grad = None
SCF max_cycles = 300
direct_scf = True
direct_scf_tol = 1e-13
chkfile to save SCF result = /tmp/tmp9nmma8af
max_memory 4000 MB (current use 429 MB)
number electrons alpha = 12  beta = 12
XC functionals = LDA,PW
small_rho_cutoff = 1e-07
Set gradient conv threshold to 0.001
    CPU time for vxc      2.90 sec, wall time      0.17 sec
init E= -181.605928276943
    CPU time for initialize scf      6.97 sec, wall time      0.37 sec
  alpha nocc = 12  HOMO = -0.0356759433409943  LUMO = 0.123825686854231
  beta  nocc = 12  HOMO = -0.0490574145695065  LUMO = 0.122429745967853
    CPU time for vxc      3.26 sec, wall time      0.17 sec
Calculate new Vsic (cycle = 2)
--- FOD positions (spin 0, nfod 12) ---
X   -2.2136340  +0.3507043 +0.0000617
X   -1.1795992  -0.0521295 +0.0000755
X   -1.8121636  +1.7774288 -0.0000629
X   -2.8308561  -0.3158765 -1.0697312
X   -2.8308485  -0.3157433 +1.0700006
X   +2.0512981  +0.4596058 -0.0000200
X   +1.2283343  -0.0365124 +0.7689388
X   +1.2283087  -0.0366282 -0.7688530
X   +3.0535569  -0.3347787 +0.0000396
X   +1.8371485  +1.8005888 -0.0001446
X   +0.0054817  -0.7258135 +0.0001103
X   -0.0189089  -2.3492153 +0.0002766
    CPU time for vxc     28.61 sec, wall time      1.61 sec
--- FOD positions (spin 1, nfod 12) ---
He   -2.2136340  +0.3507043 +0.0000617
He   -2.8308561  -0.3158765 -1.0697312
He   -2.8308485  -0.3157432 +1.0700006
He   +2.0512980  +0.4596058 -0.0000200
He   +3.0535571  -0.3347786 +0.0000396
He   +1.8371487  +1.8005888 -0.0001446
He   +0.0054817  -0.7258135 +0.0001103
He   +1.2283088  -0.0366281 -0.7688529
He   +1.2283344  -0.0365123 +0.7689387
He   -1.1795992  -0.0521294 +0.0000755
He   -0.0189089  -2.3492153 +0.0002766
He   -1.8121635  +1.7774288 -0.0000629
    CPU time for vxc     29.10 sec, wall time      1.67 sec
    CPU time for vxc     28.01 sec, wall time      1.56 sec
    CPU time for vxc     28.81 sec, wall time      1.61 sec
ESIC = -1.950182
    CPU time for vxc      3.18 sec, wall time      0.18 sec
Dipole moment(X, Y, Z, Debye): -3.00101, -1.31489,  0.00018
cycle= 1 E= -190.132020745935  delta_E= -8.53  |g|= 0.678  |ddm|= 1.88
    CPU time for cycle= 1    132.52 sec, wall time      7.39 sec
  alpha nocc = 12  HOMO = -0.502601773164721  LUMO = -0.155671832616846
  beta  nocc = 12  HOMO = -0.50297549904989  LUMO = -0.155094821752503
    CPU time for vxc      3.70 sec, wall time      0.18 sec
Calculate new Vsic (cycle = 3)
    CPU time for vxc     29.93 sec, wall time      1.71 sec
    CPU time for vxc     29.56 sec, wall time      1.68 sec
ESIC = -1.954442
    CPU time for vxc      3.11 sec, wall time      0.18 sec
Dipole moment(X, Y, Z, Debye):  0.81180,  1.38504, -0.00011
cycle= 2 E= -189.101944971065  delta_E= 1.03  |g|= 0.807  |ddm|= 0.977
    CPU time for cycle= 2     73.83 sec, wall time      4.14 sec
  alpha nocc = 12  HOMO = -0.590628626325994  LUMO = -0.086707524087875
  beta  nocc = 12  HOMO = -0.591037363538382  LUMO = -0.0866328490171855
    CPU time for vxc      3.83 sec, wall time      0.19 sec
Calculate new Vsic (cycle = 4)
    CPU time for vxc     28.54 sec, wall time      1.59 sec
    CPU time for vxc     28.95 sec, wall time      1.66 sec
ESIC = -2.021422
    CPU time for vxc      2.76 sec, wall time      0.16 sec
Dipole moment(X, Y, Z, Debye): -3.68469, -1.89484,  0.00023
cycle= 3 E= -189.688387720738  delta_E= -0.586  |g|= 0.088  |ddm|= 0.601
    CPU time for cycle= 3     71.42 sec, wall time      3.98 sec
  alpha nocc = 12  HOMO = -0.530937816521969  LUMO = -0.0617962992022731
  beta  nocc = 12  HOMO = -0.531033706203936  LUMO = -0.061758906213061
    CPU time for vxc      3.59 sec, wall time      0.18 sec
Calculate new Vsic (cycle = 5)
    CPU time for vxc     30.48 sec, wall time      1.71 sec
    CPU time for vxc     28.72 sec, wall time      1.62 sec
ESIC = -1.995120
    CPU time for vxc      2.92 sec, wall time      0.17 sec
Dipole moment(X, Y, Z, Debye): -1.71895, -0.51660,  0.00009
cycle= 4 E= -191.264877824014  delta_E= -1.58  |g|= 0.0936  |ddm|= 0.0978
    CPU time for cycle= 4     72.78 sec, wall time      4.03 sec
  alpha nocc = 12  HOMO = -0.53965872907429  LUMO = -0.0533027402743998
  beta  nocc = 12  HOMO = -0.539680238791044  LUMO = -0.0533008205081257
    CPU time for vxc      3.39 sec, wall time      0.19 sec
Calculate new Vsic (cycle = 6)
    CPU time for vxc     27.62 sec, wall time      1.53 sec
    CPU time for vxc     28.08 sec, wall time      1.59 sec
ESIC = -1.986489
    CPU time for vxc      2.91 sec, wall time      0.17 sec
Dipole moment(X, Y, Z, Debye): -1.25650, -0.06935,  0.00004
cycle= 5 E= -190.436014389942  delta_E= 0.829  |g|= 0.0573  |ddm|= 0.0602
    CPU time for cycle= 5     69.40 sec, wall time      3.85 sec
  alpha nocc = 12  HOMO = -0.544017301136811  LUMO = -0.0503619361684978
  beta  nocc = 12  HOMO = -0.544030374601896  LUMO = -0.0503656503409679
    CPU time for vxc      3.67 sec, wall time      0.20 sec
Calculate new Vsic (cycle = 7)
    CPU time for vxc     27.57 sec, wall time      1.53 sec
    CPU time for vxc     29.13 sec, wall time      1.65 sec
ESIC = -1.988863
    CPU time for vxc      3.07 sec, wall time      0.17 sec
Dipole moment(X, Y, Z, Debye): -1.09589, -0.05669,  0.00004
cycle= 6 E= -190.133894106399  delta_E= 0.302  |g|= 0.0256  |ddm|= 0.03
    CPU time for cycle= 6     71.60 sec, wall time      3.98 sec
  alpha nocc = 12  HOMO = -0.552404782621771  LUMO = -0.048807054393886
  beta  nocc = 12  HOMO = -0.552393305902376  LUMO = -0.0488128994479876
    CPU time for vxc      3.93 sec, wall time      0.20 sec
Calculate new Vsic (cycle = 8)
    CPU time for vxc     29.91 sec, wall time      1.70 sec
    CPU time for vxc     28.17 sec, wall time      1.57 sec
ESIC = -1.990767
    CPU time for vxc      2.90 sec, wall time      0.14 sec
Dipole moment(X, Y, Z, Debye): -1.24548, -0.15656,  0.00005
cycle= 7 E= -190.235395936754  delta_E= -0.102  |g|= 0.0134  |ddm|= 0.0356
    CPU time for cycle= 7     72.41 sec, wall time      4.00 sec
  alpha nocc = 12  HOMO = -0.550947260827125  LUMO = -0.0484604983650549
  beta  nocc = 12  HOMO = -0.550943029720457  LUMO = -0.0484630159174487
    CPU time for vxc      2.78 sec, wall time      0.14 sec
Calculate new Vsic (cycle = 9)
    CPU time for vxc     28.51 sec, wall time      1.57 sec
    CPU time for vxc     27.66 sec, wall time      1.54 sec
ESIC = -1.992512
    CPU time for vxc      2.99 sec, wall time      0.16 sec
Dipole moment(X, Y, Z, Debye): -1.47869, -0.28915,  0.00006
cycle= 8 E= -190.291037564366  delta_E= -0.0556  |g|= 0.0133  |ddm|= 0.0116
    CPU time for cycle= 8     68.73 sec, wall time      3.74 sec
  alpha nocc = 12  HOMO = -0.55058471531032  LUMO = -0.0486213876958079
  beta  nocc = 12  HOMO = -0.550580307806275  LUMO = -0.0486240013385254
    CPU time for vxc      3.14 sec, wall time      0.16 sec
Calculate new Vsic (cycle = 10)
    CPU time for vxc     29.81 sec, wall time      1.70 sec
    CPU time for vxc     31.04 sec, wall time      1.78 sec
ESIC = -1.992898
    CPU time for vxc      2.99 sec, wall time      0.17 sec
Dipole moment(X, Y, Z, Debye): -1.52266, -0.31432,  0.00007
cycle= 9 E= -190.32366556644  delta_E= -0.0326  |g|= 0.0118  |ddm|= 0.00327
    CPU time for cycle= 9     74.87 sec, wall time      4.22 sec
  alpha nocc = 12  HOMO = -0.550561599026854  LUMO = -0.0487119489597734
  beta  nocc = 12  HOMO = -0.550557172877896  LUMO = -0.0487153685000313
    CPU time for vxc      3.38 sec, wall time      0.19 sec
Calculate new Vsic (cycle = 11)
    CPU time for vxc     30.06 sec, wall time      1.72 sec
    CPU time for vxc     29.89 sec, wall time      1.70 sec
ESIC = -1.992873
    CPU time for vxc      3.06 sec, wall time      0.17 sec
Dipole moment(X, Y, Z, Debye): -1.52469, -0.31455,  0.00007
cycle= 10 E= -190.340275297086  delta_E= -0.0166  |g|= 0.0126  |ddm|= 0.00217
    CPU time for cycle= 10     74.55 sec, wall time      4.19 sec
  alpha nocc = 12  HOMO = -0.545865250233205  LUMO = -0.04941517084644
  beta  nocc = 12  HOMO = -0.545861186335106  LUMO = -0.0494176405206504
    CPU time for vxc      4.21 sec, wall time      0.23 sec
Calculate new Vsic (cycle = 12)
    CPU time for vxc     30.04 sec, wall time      1.71 sec
    CPU time for vxc     28.20 sec, wall time      1.57 sec
ESIC = -1.992798
    CPU time for vxc      2.73 sec, wall time      0.16 sec
Dipole moment(X, Y, Z, Debye): -1.53615, -0.31798,  0.00007
cycle= 11 E= -190.317372639737  delta_E= 0.0229  |g|= 0.0164  |ddm|= 0.0316
    CPU time for cycle= 11     72.58 sec, wall time      4.04 sec
  alpha nocc = 12  HOMO = -0.548101284095457  LUMO = -0.0490956122603704
  beta  nocc = 12  HOMO = -0.54809917554457  LUMO = -0.0490963839434232
    CPU time for vxc      3.21 sec, wall time      0.16 sec
Calculate new Vsic (cycle = 13)
    CPU time for vxc     29.11 sec, wall time      1.65 sec
    CPU time for vxc     28.46 sec, wall time      1.61 sec
ESIC = -1.991476
    CPU time for vxc      3.00 sec, wall time      0.17 sec
Dipole moment(X, Y, Z, Debye): -1.37814, -0.23083,  0.00006
cycle= 12 E= -190.330186009409  delta_E= -0.0128  |g|= 0.0112  |ddm|= 0.0153
    CPU time for cycle= 12     70.28 sec, wall time      3.92 sec
  alpha nocc = 12  HOMO = -0.548216051537952  LUMO = -0.0490920160197481
  beta  nocc = 12  HOMO = -0.548214083481622  LUMO = -0.0490925824793231
    CPU time for vxc      3.48 sec, wall time      0.19 sec
Calculate new Vsic (cycle = 14)
    CPU time for vxc     29.21 sec, wall time      1.65 sec
    CPU time for vxc     28.61 sec, wall time      1.62 sec
ESIC = -1.991611
    CPU time for vxc      2.66 sec, wall time      0.15 sec
Dipole moment(X, Y, Z, Debye): -1.35754, -0.22529,  0.00006
cycle= 13 E= -190.273700984313  delta_E= 0.0565  |g|= 0.0114  |ddm|= 0.000767
    CPU time for cycle= 13     71.99 sec, wall time      4.02 sec
  alpha nocc = 12  HOMO = -0.547414068881097  LUMO = -0.049297026906699
  beta  nocc = 12  HOMO = -0.547411650834134  LUMO = -0.0492973881278081
    CPU time for vxc      4.24 sec, wall time      0.21 sec
Calculate new Vsic (cycle = 15)
    CPU time for vxc     29.44 sec, wall time      1.66 sec
    CPU time for vxc     29.08 sec, wall time      1.61 sec
ESIC = -1.991687
    CPU time for vxc      3.37 sec, wall time      0.18 sec
Dipole moment(X, Y, Z, Debye): -1.34854, -0.22271,  0.00006
cycle= 14 E= -190.272995899118  delta_E= 0.000705  |g|= 0.0165  |ddm|= 0.00555
    CPU time for cycle= 14     73.51 sec, wall time      4.06 sec
  alpha nocc = 12  HOMO = -0.548053808303726  LUMO = -0.0489103867914201
  beta  nocc = 12  HOMO = -0.548053986366194  LUMO = -0.048911138956685
    CPU time for vxc      3.52 sec, wall time      0.18 sec
Calculate new Vsic (cycle = 16)
    CPU time for vxc     29.35 sec, wall time      1.67 sec
    CPU time for vxc     30.46 sec, wall time      1.73 sec
ESIC = -1.991430
    CPU time for vxc      2.84 sec, wall time      0.16 sec
Dipole moment(X, Y, Z, Debye): -1.31852, -0.20579,  0.00005
cycle= 15 E= -190.297964401956  delta_E= -0.025  |g|= 0.0124  |ddm|= 0.0063
    CPU time for cycle= 15     73.92 sec, wall time      4.14 sec
  alpha nocc = 12  HOMO = -0.548439657607778  LUMO = -0.0487118131912
  beta  nocc = 12  HOMO = -0.548440971348669  LUMO = -0.0487125666096216
    CPU time for vxc      3.29 sec, wall time      0.18 sec
Calculate new Vsic (cycle = 17)
    CPU time for vxc     28.70 sec, wall time      1.63 sec
    CPU time for vxc     29.55 sec, wall time      1.68 sec
ESIC = -1.991852
    CPU time for vxc      2.99 sec, wall time      0.17 sec
Dipole moment(X, Y, Z, Debye): -1.32587, -0.21663,  0.00006
cycle= 16 E= -190.293494829125  delta_E= 0.00447  |g|= 0.00971  |ddm|= 0.00328
    CPU time for cycle= 16     72.07 sec, wall time      4.04 sec
  alpha nocc = 12  HOMO = -0.548616258703622  LUMO = -0.0487348514264708
  beta  nocc = 12  HOMO = -0.548616572840995  LUMO = -0.0487350237839671
    CPU time for vxc      3.50 sec, wall time      0.18 sec
Calculate new Vsic (cycle = 18)
    CPU time for vxc     29.45 sec, wall time      1.68 sec
    CPU time for vxc     28.24 sec, wall time      1.60 sec
ESIC = -1.992260
    CPU time for vxc      2.96 sec, wall time      0.17 sec
Dipole moment(X, Y, Z, Debye): -1.34687, -0.23202,  0.00006
cycle= 17 E= -190.319980985371  delta_E= -0.0265  |g|= 0.00883  |ddm|= 0.00179
    CPU time for cycle= 17     70.99 sec, wall time      3.96 sec
  alpha nocc = 12  HOMO = -0.548360167176029  LUMO = -0.0486471391245612
  beta  nocc = 12  HOMO = -0.548362482533295  LUMO = -0.048647962745107
    CPU time for vxc      3.20 sec, wall time      0.16 sec
Calculate new Vsic (cycle = 19)
    CPU time for vxc     28.11 sec, wall time      1.55 sec
    CPU time for vxc     29.13 sec, wall time      1.65 sec
ESIC = -1.992413
    CPU time for vxc      3.30 sec, wall time      0.19 sec
Dipole moment(X, Y, Z, Debye): -1.35867, -0.23879,  0.00006
cycle= 18 E= -190.347203954298  delta_E= -0.0272  |g|= 0.00939  |ddm|= 0.00313
    CPU time for cycle= 18     70.98 sec, wall time      3.91 sec
  alpha nocc = 12  HOMO = -0.548925726962839  LUMO = -0.0487446084118209
  beta  nocc = 12  HOMO = -0.548926965731622  LUMO = -0.04874563085462
    CPU time for vxc      3.46 sec, wall time      0.19 sec
Calculate new Vsic (cycle = 20)
    CPU time for vxc     29.56 sec, wall time      1.69 sec
    CPU time for vxc     29.72 sec, wall time      1.71 sec
ESIC = -1.992564
    CPU time for vxc      2.78 sec, wall time      0.16 sec
Dipole moment(X, Y, Z, Debye): -1.36780, -0.24504,  0.00006
cycle= 19 E= -190.350919373027  delta_E= -0.00372  |g|= 0.00635  |ddm|= 0.00377
    CPU time for cycle= 19     73.54 sec, wall time      4.16 sec
  alpha nocc = 12  HOMO = -0.549368073750392  LUMO = -0.0488367727429358
  beta  nocc = 12  HOMO = -0.549368462193255  LUMO = -0.0488374065688462
    CPU time for vxc      3.72 sec, wall time      0.20 sec
Calculate new Vsic (cycle = 21)
    CPU time for vxc     28.84 sec, wall time      1.61 sec
    CPU time for vxc     29.87 sec, wall time      1.72 sec
ESIC = -1.992601
    CPU time for vxc      2.93 sec, wall time      0.17 sec
Dipole moment(X, Y, Z, Debye): -1.39389, -0.25590,  0.00006
cycle= 20 E= -190.355625821905  delta_E= -0.00471  |g|= 0.00369  |ddm|= 0.00323
    CPU time for cycle= 20     73.64 sec, wall time      4.11 sec
  alpha nocc = 12  HOMO = -0.549790218952759  LUMO = -0.0489375177571118
  beta  nocc = 12  HOMO = -0.549789918317672  LUMO = -0.0489379579137813
    CPU time for vxc      3.66 sec, wall time      0.20 sec
Calculate new Vsic (cycle = 22)
    CPU time for vxc     28.58 sec, wall time      1.60 sec
    CPU time for vxc     28.90 sec, wall time      1.63 sec
ESIC = -1.992561
    CPU time for vxc      2.96 sec, wall time      0.16 sec
Dipole moment(X, Y, Z, Debye): -1.41769, -0.26447,  0.00006
cycle= 21 E= -190.347229715034  delta_E= 0.0084  |g|= 0.00135  |ddm|= 0.00342
    CPU time for cycle= 21     71.39 sec, wall time      3.95 sec
  alpha nocc = 12  HOMO = -0.549760063998223  LUMO = -0.0489612115984967
  beta  nocc = 12  HOMO = -0.549759961762442  LUMO = -0.0489613935287388
    CPU time for vxc      3.41 sec, wall time      0.19 sec
Calculate new Vsic (cycle = 23)
    CPU time for vxc     28.95 sec, wall time      1.66 sec
    CPU time for vxc     29.05 sec, wall time      1.66 sec
ESIC = -1.992441
    CPU time for vxc      2.97 sec, wall time      0.16 sec
Dipole moment(X, Y, Z, Debye): -1.43796, -0.27031,  0.00006
cycle= 22 E= -190.33976791701  delta_E= 0.00746  |g|= 0.00106  |ddm|= 0.000652
    CPU time for cycle= 22     71.77 sec, wall time      4.04 sec
  alpha nocc = 12  HOMO = -0.549714705952036  LUMO = -0.0489513629435648
  beta  nocc = 12  HOMO = -0.549714615075136  LUMO = -0.0489515242203727
    CPU time for vxc      3.52 sec, wall time      0.18 sec
Calculate new Vsic (cycle = 24)
    CPU time for vxc     31.50 sec, wall time      1.82 sec
    CPU time for vxc     30.20 sec, wall time      1.74 sec
ESIC = -1.992337
    CPU time for vxc      3.33 sec, wall time      0.19 sec
Dipole moment(X, Y, Z, Debye): -1.44469, -0.27138,  0.00006
cycle= 23 E= -190.331114640756  delta_E= 0.00865  |g|= 0.000999  |ddm|= 0.000314
    CPU time for cycle= 23     76.92 sec, wall time      4.35 sec
  alpha nocc = 12  HOMO = -0.549700372071861  LUMO = -0.04894680976357
  beta  nocc = 12  HOMO = -0.549700280585123  LUMO = -0.0489469611343446
    CPU time for vxc      4.44 sec, wall time      0.23 sec
Calculate new Vsic (cycle = 25)
    CPU time for vxc     28.63 sec, wall time      1.61 sec
    CPU time for vxc     29.90 sec, wall time      1.70 sec
ESIC = -1.992303
    CPU time for vxc      3.55 sec, wall time      0.20 sec
Dipole moment(X, Y, Z, Debye): -1.44568, -0.27147,  0.00006
cycle= 24 E= -190.325092351065  delta_E= 0.00602  |g|= 0.000942  |ddm|= 0.000114
    CPU time for cycle= 24     74.76 sec, wall time      4.16 sec
  alpha nocc = 12  HOMO = -0.549647864928445  LUMO = -0.0489394266700218
  beta  nocc = 12  HOMO = -0.549647745107303  LUMO = -0.0489395761175762
    CPU time for vxc      3.36 sec, wall time      0.19 sec
Calculate new Vsic (cycle = 26)
    CPU time for vxc     29.64 sec, wall time      1.70 sec
    CPU time for vxc     28.77 sec, wall time      1.61 sec
ESIC = -1.992295
    CPU time for vxc      2.82 sec, wall time      0.16 sec
Dipole moment(X, Y, Z, Debye): -1.44551, -0.27138,  0.00006
cycle= 25 E= -190.323431353227  delta_E= 0.00166  |g|= 0.00061  |ddm|= 0.000318
    CPU time for cycle= 25     72.33 sec, wall time      4.05 sec
  alpha nocc = 12  HOMO = -0.549632517811381  LUMO = -0.0489477093117083
  beta  nocc = 12  HOMO = -0.549632472775003  LUMO = -0.0489477458738928
    CPU time for vxc      4.22 sec, wall time      0.22 sec
Calculate new Vsic (cycle = 27)
    CPU time for vxc     28.51 sec, wall time      1.61 sec
    CPU time for vxc     29.17 sec, wall time      1.65 sec
ESIC = -1.992282
    CPU time for vxc      2.87 sec, wall time      0.16 sec
Dipole moment(X, Y, Z, Debye): -1.44302, -0.27027,  0.00006
cycle= 26 E= -190.321564014474  delta_E= 0.00187  |g|= 0.000636  |ddm|= 0.000438
    CPU time for cycle= 26     71.71 sec, wall time      4.00 sec
  alpha nocc = 12  HOMO = -0.549789133290606  LUMO = -0.0489960507992527
  beta  nocc = 12  HOMO = -0.549789109053952  LUMO = -0.0489961469783206
    CPU time for vxc      2.67 sec, wall time      0.13 sec
Calculate new Vsic (cycle = 28)
    CPU time for vxc     29.63 sec, wall time      1.68 sec
    CPU time for vxc     29.61 sec, wall time      1.69 sec
ESIC = -1.992247
    CPU time for vxc      2.96 sec, wall time      0.17 sec
Dipole moment(X, Y, Z, Debye): -1.44087, -0.26887,  0.00006
cycle= 27 E= -190.317079221171  delta_E= 0.00448  |g|= 0.00189  |ddm|= 0.00141
    CPU time for cycle= 27     72.52 sec, wall time      4.06 sec
  alpha nocc = 12  HOMO = -0.549590468585482  LUMO = -0.0489411879732576
  beta  nocc = 12  HOMO = -0.549590448545217  LUMO = -0.04894120768257
    CPU time for vxc      3.27 sec, wall time      0.18 sec
Calculate new Vsic (cycle = 29)
    CPU time for vxc     29.70 sec, wall time      1.68 sec
    CPU time for vxc     29.16 sec, wall time      1.66 sec
ESIC = -1.992190
    CPU time for vxc      3.09 sec, wall time      0.17 sec
Dipole moment(X, Y, Z, Debye): -1.44651, -0.27012,  0.00006
cycle= 28 E= -190.319344533716  delta_E= -0.00227  |g|= 0.000662  |ddm|= 0.00171
    CPU time for cycle= 28     73.73 sec, wall time      4.12 sec
  alpha nocc = 12  HOMO = -0.549623468807333  LUMO = -0.0489520698331286
  beta  nocc = 12  HOMO = -0.549623442316252  LUMO = -0.0489521046475848
    CPU time for vxc      3.67 sec, wall time      0.20 sec
Calculate new Vsic (cycle = 30)
    CPU time for vxc     28.30 sec, wall time      1.56 sec
    CPU time for vxc     28.94 sec, wall time      1.62 sec
ESIC = -1.992216
    CPU time for vxc      2.78 sec, wall time      0.16 sec
Dipole moment(X, Y, Z, Debye): -1.44035, -0.26829,  0.00006
cycle= 29 E= -190.313421242074  delta_E= 0.00592  |g|= 0.000814  |ddm|= 0.000351
    CPU time for cycle= 29     71.10 sec, wall time      3.91 sec
  alpha nocc = 12  HOMO = -0.549588378203426  LUMO = -0.0489409545058105
  beta  nocc = 12  HOMO = -0.549588354216254  LUMO = -0.0489409776829826
    CPU time for vxc      2.91 sec, wall time      0.15 sec
Calculate new Vsic (cycle = 31)
    CPU time for vxc     29.10 sec, wall time      1.66 sec
    CPU time for vxc     29.65 sec, wall time      1.68 sec
ESIC = -1.992213
    CPU time for vxc      3.30 sec, wall time      0.19 sec
Dipole moment(X, Y, Z, Debye): -1.43911, -0.26773,  0.00006
cycle= 30 E= -190.317417961139  delta_E= -0.004  |g|= 0.000583  |ddm|= 0.000337
    CPU time for cycle= 30     73.26 sec, wall time      4.10 sec
  alpha nocc = 12  HOMO = -0.549586241471775  LUMO = -0.0489399383569734
  beta  nocc = 12  HOMO = -0.549586218235488  LUMO = -0.0489399602203514
    CPU time for vxc      3.49 sec, wall time      0.18 sec
Calculate new Vsic (cycle = 32)
    CPU time for vxc     28.50 sec, wall time      1.63 sec
    CPU time for vxc     28.83 sec, wall time      1.62 sec
ESIC = -1.992224
    CPU time for vxc      2.88 sec, wall time      0.17 sec
Dipole moment(X, Y, Z, Debye): -1.43693, -0.26705,  0.00006
cycle= 31 E= -190.317233151555  delta_E= 0.000185  |g|= 0.000543  |ddm|= 3.47e-05
    CPU time for cycle= 31     71.59 sec, wall time      3.99 sec
  alpha nocc = 12  HOMO = -0.549576586398043  LUMO = -0.04892926586172
  beta  nocc = 12  HOMO = -0.549576584651804  LUMO = -0.0489292634070214
    CPU time for vxc      3.42 sec, wall time      0.17 sec
Calculate new Vsic (cycle = 33)
    CPU time for vxc     28.06 sec, wall time      1.54 sec
    CPU time for vxc     29.12 sec, wall time      1.66 sec
ESIC = -1.992230
    CPU time for vxc      2.55 sec, wall time      0.15 sec
Dipole moment(X, Y, Z, Debye): -1.43587, -0.26671,  0.00006
cycle= 32 E= -190.320359628854  delta_E= -0.00313  |g|= 0.000215  |ddm|= 0.000529
    CPU time for cycle= 32     72.26 sec, wall time      3.98 sec
  alpha nocc = 12  HOMO = -0.549570154650068  LUMO = -0.0489276692653138
  beta  nocc = 12  HOMO = -0.549570148968382  LUMO = -0.0489276700329528
    CPU time for vxc      3.72 sec, wall time      0.19 sec
Calculate new Vsic (cycle = 34)
    CPU time for vxc     28.98 sec, wall time      1.64 sec
    CPU time for vxc     28.59 sec, wall time      1.62 sec
ESIC = -1.992266
    CPU time for vxc      2.78 sec, wall time      0.16 sec
Dipole moment(X, Y, Z, Debye): -1.43516, -0.26699,  0.00006
cycle= 33 E= -190.321073888436  delta_E= -0.000714  |g|= 0.000294  |ddm|= 7.83e-05
    CPU time for cycle= 33     72.56 sec, wall time      4.05 sec
  alpha nocc = 12  HOMO = -0.549564034427713  LUMO = -0.0489262530718371
  beta  nocc = 12  HOMO = -0.549564029085447  LUMO = -0.0489262539953343
    CPU time for vxc      3.59 sec, wall time      0.18 sec
Calculate new Vsic (cycle = 35)
    CPU time for vxc     29.07 sec, wall time      1.67 sec
    CPU time for vxc     29.14 sec, wall time      1.63 sec
ESIC = -1.992282
    CPU time for vxc      3.28 sec, wall time      0.18 sec
Dipole moment(X, Y, Z, Debye): -1.43467, -0.26700,  0.00006
cycle= 34 E= -190.323734445878  delta_E= -0.00266  |g|= 0.000363  |ddm|= 4.26e-05
    CPU time for cycle= 34     74.46 sec, wall time      4.15 sec
  alpha nocc = 12  HOMO = -0.549555624652476  LUMO = -0.0489247409335754
  beta  nocc = 12  HOMO = -0.549555620046068  LUMO = -0.0489247423476426
    CPU time for vxc      3.75 sec, wall time      0.20 sec
Calculate new Vsic (cycle = 36)
    CPU time for vxc     28.94 sec, wall time      1.63 sec
    CPU time for vxc     29.14 sec, wall time      1.65 sec
ESIC = -1.992288
    CPU time for vxc      3.01 sec, wall time      0.17 sec
Dipole moment(X, Y, Z, Debye): -1.43422, -0.26688,  0.00006
cycle= 35 E= -190.324808853015  delta_E= -0.00107  |g|= 0.000416  |ddm|= 5.05e-05
    CPU time for cycle= 35     72.59 sec, wall time      4.04 sec
  alpha nocc = 12  HOMO = -0.549567199206138  LUMO = -0.0489278254135648
  beta  nocc = 12  HOMO = -0.549567195276214  LUMO = -0.0489278260760873
    CPU time for vxc      2.98 sec, wall time      0.15 sec
Calculate new Vsic (cycle = 37)
    CPU time for vxc     30.39 sec, wall time      1.73 sec
    CPU time for vxc     28.00 sec, wall time      1.56 sec
ESIC = -1.992289
    CPU time for vxc      3.15 sec, wall time      0.18 sec
Dipole moment(X, Y, Z, Debye): -1.43370, -0.26667,  0.00006
cycle= 36 E= -190.325103804696  delta_E= -0.000295  |g|= 0.000346  |ddm|= 8.13e-05
    CPU time for cycle= 36     72.16 sec, wall time      4.01 sec
  alpha nocc = 12  HOMO = -0.54956134934477  LUMO = -0.0489263860812724
  beta  nocc = 12  HOMO = -0.54956134512473  LUMO = -0.0489263877073295
    CPU time for vxc      4.32 sec, wall time      0.23 sec
Calculate new Vsic (cycle = 38)
    CPU time for vxc     28.94 sec, wall time      1.64 sec
    CPU time for vxc     28.63 sec, wall time      1.60 sec
ESIC = -1.992289
    CPU time for vxc      2.72 sec, wall time      0.16 sec
Dipole moment(X, Y, Z, Debye): -1.43409, -0.26681,  0.00006
cycle= 37 E= -190.325200151914  delta_E= -9.63e-05  |g|= 0.000349  |ddm|= 4.05e-05
    CPU time for cycle= 37     72.51 sec, wall time      4.03 sec
  alpha nocc = 12  HOMO = -0.549552241635152  LUMO = -0.0489246644602112
  beta  nocc = 12  HOMO = -0.549552237583053  LUMO = -0.0489246657261801
    CPU time for vxc      3.17 sec, wall time      0.16 sec
Calculate new Vsic (cycle = 39)
    CPU time for vxc     31.30 sec, wall time      1.81 sec
    CPU time for vxc     28.02 sec, wall time      1.54 sec
ESIC = -1.992289
    CPU time for vxc      2.57 sec, wall time      0.14 sec
Dipole moment(X, Y, Z, Debye): -1.43412, -0.26681,  0.00006
cycle= 38 E= -190.325169462049  delta_E= 3.07e-05  |g|= 0.000419  |ddm|= 6.99e-05
    CPU time for cycle= 38     72.77 sec, wall time      4.04 sec
  alpha nocc = 12  HOMO = -0.549608398278473  LUMO = -0.0489387049593072
  beta  nocc = 12  HOMO = -0.549608394484924  LUMO = -0.0489387055532168
    CPU time for vxc      2.73 sec, wall time      0.14 sec
Calculate new Vsic (cycle = 40)
    CPU time for vxc     27.74 sec, wall time      1.53 sec
    CPU time for vxc     27.37 sec, wall time      1.51 sec
ESIC = -1.992288
    CPU time for vxc      2.94 sec, wall time      0.16 sec
Dipole moment(X, Y, Z, Debye): -1.43360, -0.26660,  0.00006
cycle= 39 E= -190.324737483608  delta_E= 0.000432  |g|= 9.05e-05  |ddm|= 0.000384
    CPU time for cycle= 39     67.42 sec, wall time      3.66 sec
  alpha nocc = 12  HOMO = -0.549598833110239  LUMO = -0.0489358919888174
  beta  nocc = 12  HOMO = -0.549598829065742  LUMO = -0.0489358922083832
    CPU time for vxc      3.69 sec, wall time      0.18 sec
Calculate new Vsic (cycle = 41)
    CPU time for vxc     27.66 sec, wall time      1.52 sec
    CPU time for vxc     29.52 sec, wall time      1.67 sec
ESIC = -1.992289
    CPU time for vxc      2.93 sec, wall time      0.17 sec
Dipole moment(X, Y, Z, Debye): -1.43629, -0.26766,  0.00006
cycle= 40 E= -190.32479071161  delta_E= -5.32e-05  |g|= 9.3e-05  |ddm|= 5.9e-05
    CPU time for cycle= 40     71.03 sec, wall time      3.91 sec
  alpha nocc = 12  HOMO = -0.549602672328872  LUMO = -0.0489368554087711
  beta  nocc = 12  HOMO = -0.549602668308474  LUMO = -0.0489368558042791
    CPU time for vxc      3.39 sec, wall time      0.19 sec
Calculate new Vsic (cycle = 42)
    CPU time for vxc     28.83 sec, wall time      1.64 sec
    CPU time for vxc     29.06 sec, wall time      1.61 sec
ESIC = -1.992288
    CPU time for vxc      2.58 sec, wall time      0.15 sec
Dipole moment(X, Y, Z, Debye): -1.43705, -0.26795,  0.00006
cycle= 41 E= -190.324482677929  delta_E= 0.000308  |g|= 0.000123  |ddm|= 2.53e-05
    CPU time for cycle= 41     72.35 sec, wall time      4.01 sec
  alpha nocc = 12  HOMO = -0.549671617968084  LUMO = -0.0489502034870559
  beta  nocc = 12  HOMO = -0.549671613669914  LUMO = -0.0489502047815846
    CPU time for vxc      3.45 sec, wall time      0.17 sec
Calculate new Vsic (cycle = 43)
    CPU time for vxc     27.63 sec, wall time      1.53 sec
    CPU time for vxc     28.97 sec, wall time      1.65 sec
ESIC = -1.992288
    CPU time for vxc      2.93 sec, wall time      0.16 sec
Dipole moment(X, Y, Z, Debye): -1.43761, -0.26818,  0.00006
cycle= 42 E= -190.324211157482  delta_E= 0.000272  |g|= 0.000542  |ddm|= 0.000445
    CPU time for cycle= 42     69.49 sec, wall time      3.84 sec
  alpha nocc = 12  HOMO = -0.54967406159063  LUMO = -0.0489511882465204
  beta  nocc = 12  HOMO = -0.549674058243734  LUMO = -0.0489511890465006
    CPU time for vxc      3.52 sec, wall time      0.20 sec
Calculate new Vsic (cycle = 44)
    CPU time for vxc     29.08 sec, wall time      1.65 sec
    CPU time for vxc     29.44 sec, wall time      1.67 sec
ESIC = -1.992294
    CPU time for vxc      2.87 sec, wall time      0.16 sec
Dipole moment(X, Y, Z, Debye): -1.44099, -0.26959,  0.00006
cycle= 43 E= -190.323843392586  delta_E= 0.000368  |g|= 0.000662  |ddm|= 0.000102
    CPU time for cycle= 43     73.68 sec, wall time      4.13 sec
  alpha nocc = 12  HOMO = -0.549618116465281  LUMO = -0.048940997118767
  beta  nocc = 12  HOMO = -0.549618113148919  LUMO = -0.0489409974917921
    CPU time for vxc      3.67 sec, wall time      0.20 sec
Calculate new Vsic (cycle = 45)
    CPU time for vxc     28.86 sec, wall time      1.63 sec
    CPU time for vxc     28.47 sec, wall time      1.61 sec
ESIC = -1.992289
    CPU time for vxc      3.19 sec, wall time      0.18 sec
Dipole moment(X, Y, Z, Debye): -1.44255, -0.27015,  0.00006
cycle= 44 E= -190.323950642644  delta_E= -0.000107  |g|= 0.000389  |ddm|= 0.000356
    CPU time for cycle= 44     71.80 sec, wall time      4.00 sec
  alpha nocc = 12  HOMO = -0.54956704547149  LUMO = -0.0489321320987434
  beta  nocc = 12  HOMO = -0.549567042069897  LUMO = -0.0489321319395381
    CPU time for vxc      3.78 sec, wall time      0.19 sec
Calculate new Vsic (cycle = 46)
    CPU time for vxc     29.60 sec, wall time      1.67 sec
    CPU time for vxc     29.72 sec, wall time      1.69 sec
ESIC = -1.992283
    CPU time for vxc      2.94 sec, wall time      0.17 sec
Dipole moment(X, Y, Z, Debye): -1.44092, -0.26943,  0.00006
cycle= 45 E= -190.32373504999  delta_E= 0.000216  |g|= 1.31e-05  |ddm|= 0.000333
    CPU time for cycle= 45     74.81 sec, wall time      4.17 sec
  alpha nocc = 12  HOMO = -0.549568775728651  LUMO = -0.0489321853482139
  beta  nocc = 12  HOMO = -0.549568772218581  LUMO = -0.0489321852407412
    CPU time for vxc      3.50 sec, wall time      0.19 sec
Calculate new Vsic (cycle = 47)
    CPU time for vxc     29.80 sec, wall time      1.69 sec
    CPU time for vxc     29.40 sec, wall time      1.67 sec
ESIC = -1.992276
    CPU time for vxc      2.98 sec, wall time      0.17 sec
Dipole moment(X, Y, Z, Debye): -1.43784, -0.26812,  0.00006
cycle= 46 E= -190.323601358126  delta_E= 0.000134  |g|= 9.82e-05  |ddm|= 1.05e-05
    CPU time for cycle= 46     73.07 sec, wall time      4.10 sec
  alpha nocc = 12  HOMO = -0.549569416069367  LUMO = -0.0489325324395711
  beta  nocc = 12  HOMO = -0.549569412581377  LUMO = -0.0489325323795779
    CPU time for vxc      2.68 sec, wall time      0.13 sec
Calculate new Vsic (cycle = 48)
    CPU time for vxc     29.92 sec, wall time      1.70 sec
    CPU time for vxc     28.14 sec, wall time      1.56 sec
ESIC = -1.992275
    CPU time for vxc      2.76 sec, wall time      0.16 sec
Dipole moment(X, Y, Z, Debye): -1.43648, -0.26756,  0.00006
cycle= 47 E= -190.323454832712  delta_E= 0.000147  |g|= 0.000143  |ddm|= 1.15e-05
    CPU time for cycle= 47     71.02 sec, wall time      3.94 sec
  alpha nocc = 12  HOMO = -0.549565737287671  LUMO = -0.0489315371106662
  beta  nocc = 12  HOMO = -0.549565733771194  LUMO = -0.048931537003078
    CPU time for vxc      4.35 sec, wall time      0.23 sec
Calculate new Vsic (cycle = 49)
    CPU time for vxc     28.53 sec, wall time      1.60 sec
    CPU time for vxc     27.75 sec, wall time      1.51 sec
ESIC = -1.992274
    CPU time for vxc      2.88 sec, wall time      0.15 sec
Dipole moment(X, Y, Z, Debye): -1.43586, -0.26730,  0.00006
cycle= 48 E= -190.323450620203  delta_E= 4.21e-06  |g|= 0.000187  |ddm|= 2.9e-05
    CPU time for cycle= 48     71.10 sec, wall time      3.88 sec
  alpha nocc = 12  HOMO = -0.549570041953953  LUMO = -0.048932123218555
  beta  nocc = 12  HOMO = -0.549570038433805  LUMO = -0.0489321231369761
    CPU time for vxc      3.68 sec, wall time      0.18 sec
Calculate new Vsic (cycle = 50)
    CPU time for vxc     27.59 sec, wall time      1.54 sec
    CPU time for vxc     29.17 sec, wall time      1.66 sec
ESIC = -1.992274
    CPU time for vxc      2.77 sec, wall time      0.16 sec
Dipole moment(X, Y, Z, Debye): -1.43538, -0.26711,  0.00006
cycle= 49 E= -190.323380029876  delta_E= 7.06e-05  |g|= 0.000175  |ddm|= 2.66e-05
    CPU time for cycle= 49     69.56 sec, wall time      3.85 sec
  alpha nocc = 12  HOMO = -0.549571134549517  LUMO = -0.0489323270320366
  beta  nocc = 12  HOMO = -0.549571131038362  LUMO = -0.0489323269612428
    CPU time for vxc      3.67 sec, wall time      0.18 sec
Calculate new Vsic (cycle = 51)
    CPU time for vxc     28.63 sec, wall time      1.61 sec
    CPU time for vxc     29.47 sec, wall time      1.68 sec
ESIC = -1.992275
    CPU time for vxc      2.51 sec, wall time      0.15 sec
Dipole moment(X, Y, Z, Debye): -1.43535, -0.26711,  0.00006
cycle= 50 E= -190.323393000367  delta_E= -1.3e-05  |g|= 0.000168  |ddm|= 6.59e-06
    CPU time for cycle= 50     71.98 sec, wall time      4.01 sec
  alpha nocc = 12  HOMO = -0.549572540530716  LUMO = -0.0489325881013773
  beta  nocc = 12  HOMO = -0.549572537014674  LUMO = -0.0489325880259594
    CPU time for vxc      3.53 sec, wall time      0.18 sec
Calculate new Vsic (cycle = 52)
    CPU time for vxc     28.72 sec, wall time      1.61 sec
    CPU time for vxc     29.59 sec, wall time      1.71 sec
ESIC = -1.992275
    CPU time for vxc      1.92 sec, wall time      0.12 sec
Dipole moment(X, Y, Z, Debye): -1.43539, -0.26713,  0.00006
cycle= 51 E= -190.323417205367  delta_E= -2.42e-05  |g|= 0.000157  |ddm|= 9.19e-06
    CPU time for cycle= 51     71.39 sec, wall time      4.01 sec
  alpha nocc = 12  HOMO = -0.549572465186773  LUMO = -0.0489325707973096
  beta  nocc = 12  HOMO = -0.549572461670613  LUMO = -0.0489325707224987
    CPU time for vxc      3.61 sec, wall time      0.18 sec
Calculate new Vsic (cycle = 53)
    CPU time for vxc     29.29 sec, wall time      1.67 sec
    CPU time for vxc     28.01 sec, wall time      1.54 sec
ESIC = -1.992276
    CPU time for vxc      2.79 sec, wall time      0.16 sec
Dipole moment(X, Y, Z, Debye): -1.43547, -0.26716,  0.00006
cycle= 52 E= -190.323438410361  delta_E= -2.12e-05  |g|= 0.000155  |ddm|= 5.74e-07
    CPU time for cycle= 52     70.78 sec, wall time      3.90 sec
  alpha nocc = 12  HOMO = -0.549570165419428  LUMO = -0.0489322216409932
  beta  nocc = 12  HOMO = -0.549570161906088  LUMO = -0.0489322215556655
    CPU time for vxc      3.21 sec, wall time      0.16 sec
Calculate new Vsic (cycle = 54)
    CPU time for vxc     29.88 sec, wall time      1.71 sec
    CPU time for vxc     29.73 sec, wall time      1.70 sec
ESIC = -1.992276
    CPU time for vxc      3.20 sec, wall time      0.17 sec
Dipole moment(X, Y, Z, Debye): -1.43551, -0.26718,  0.00006
cycle= 53 E= -190.323434400315  delta_E= 4.01e-06  |g|= 0.000167  |ddm|= 1.37e-05
    CPU time for cycle= 53     73.63 sec, wall time      4.13 sec
  alpha nocc = 12  HOMO = -0.549576067121901  LUMO = -0.0489334475404173
  beta  nocc = 12  HOMO = -0.549576063612615  LUMO = -0.0489334474512109
    CPU time for vxc      4.25 sec, wall time      0.23 sec
Calculate new Vsic (cycle = 55)
    CPU time for vxc     29.08 sec, wall time      1.65 sec
    CPU time for vxc     28.09 sec, wall time      1.54 sec
ESIC = -1.992276
    CPU time for vxc      2.93 sec, wall time      0.17 sec
Dipole moment(X, Y, Z, Debye): -1.43543, -0.26714,  0.00006
cycle= 54 E= -190.323420417424  delta_E= 1.4e-05  |g|= 0.000126  |ddm|= 3.88e-05
    CPU time for cycle= 54     72.33 sec, wall time      3.99 sec
  alpha nocc = 12  HOMO = -0.549595862258987  LUMO = -0.0489367170053523
  beta  nocc = 12  HOMO = -0.54959585873035  LUMO = -0.0489367169189129
    CPU time for vxc      3.68 sec, wall time      0.18 sec
Calculate new Vsic (cycle = 56)
    CPU time for vxc     28.02 sec, wall time      1.58 sec
    CPU time for vxc     29.18 sec, wall time      1.65 sec
ESIC = -1.992276
    CPU time for vxc      3.24 sec, wall time      0.18 sec
Dipole moment(X, Y, Z, Debye): -1.43571, -0.26726,  0.00006
cycle= 55 E= -190.323449941081  delta_E= -2.95e-05  |g|= 5.17e-06  |ddm|= 0.00012
    CPU time for cycle= 55     72.28 sec, wall time      4.01 sec
  alpha nocc = 12  HOMO = -0.549595576078336  LUMO = -0.0489366423331444
  beta  nocc = 12  HOMO = -0.549595572554351  LUMO = -0.0489366422414114
    CPU time for vxc      4.20 sec, wall time      0.23 sec
Calculate new Vsic (cycle = 57)
    CPU time for vxc     30.24 sec, wall time      1.72 sec
    CPU time for vxc     28.53 sec, wall time      1.59 sec
ESIC = -1.992279
    CPU time for vxc      2.87 sec, wall time      0.16 sec
Dipole moment(X, Y, Z, Debye): -1.43670, -0.26770,  0.00006
cycle= 56 E= -190.323446620567  delta_E= 3.32e-06  |g|= 3.97e-05  |ddm|= 1.8e-06
    CPU time for cycle= 56     72.55 sec, wall time      4.05 sec
  alpha nocc = 12  HOMO = -0.549594091148779  LUMO = -0.0489363874917034
  beta  nocc = 12  HOMO = -0.549594087624095  LUMO = -0.0489363873992328
    CPU time for vxc      3.70 sec, wall time      0.19 sec
Calculate new Vsic (cycle = 58)
    CPU time for vxc     29.26 sec, wall time      1.68 sec
    CPU time for vxc     29.36 sec, wall time      1.67 sec
ESIC = -1.992280
    CPU time for vxc      2.93 sec, wall time      0.17 sec
Dipole moment(X, Y, Z, Debye): -1.43716, -0.26790,  0.00006
cycle= 57 E= -190.323574798071  delta_E= -0.000128  |g|= 4.62e-05  |ddm|= 9.09e-06
    CPU time for cycle= 57     72.86 sec, wall time      4.09 sec
  alpha nocc = 12  HOMO = -0.549592111921794  LUMO = -0.048936085358281
  beta  nocc = 12  HOMO = -0.549592108398314  LUMO = -0.0489360852654369
    CPU time for vxc      2.79 sec, wall time      0.14 sec
Calculate new Vsic (cycle = 59)
    CPU time for vxc     28.25 sec, wall time      1.56 sec
    CPU time for vxc     30.05 sec, wall time      1.73 sec
ESIC = -1.992280
    CPU time for vxc      3.02 sec, wall time      0.17 sec
Dipole moment(X, Y, Z, Debye): -1.43731, -0.26796,  0.00006
cycle= 58 E= -190.323625792262  delta_E= -5.1e-05  |g|= 3.95e-05  |ddm|= 1.19e-05
    CPU time for cycle= 58     71.96 sec, wall time      3.99 sec
  alpha nocc = 12  HOMO = -0.549593951239189  LUMO = -0.0489363590271916
  beta  nocc = 12  HOMO = -0.549593947715259  LUMO = -0.0489363589360463
    CPU time for vxc      4.15 sec, wall time      0.22 sec
Calculate new Vsic (cycle = 60)
    CPU time for vxc     28.87 sec, wall time      1.64 sec
    CPU time for vxc     29.49 sec, wall time      1.67 sec
ESIC = -1.992280
    CPU time for vxc      2.84 sec, wall time      0.16 sec
Dipole moment(X, Y, Z, Debye): -1.43730, -0.26795,  0.00006
cycle= 59 E= -190.323652071966  delta_E= -2.63e-05  |g|= 5.08e-05  |ddm|= 1.1e-05
    CPU time for cycle= 59     71.34 sec, wall time      3.99 sec
  alpha nocc = 12  HOMO = -0.549590165423334  LUMO = -0.0489357563216452
  beta  nocc = 12  HOMO = -0.549590161899875  LUMO = -0.0489357562305708
    CPU time for vxc      2.81 sec, wall time      0.14 sec
Calculate new Vsic (cycle = 61)
    CPU time for vxc     29.75 sec, wall time      1.69 sec
    CPU time for vxc     29.15 sec, wall time      1.63 sec
ESIC = -1.992280
    CPU time for vxc      2.94 sec, wall time      0.17 sec
Dipole moment(X, Y, Z, Debye): -1.43738, -0.26799,  0.00006
cycle= 60 E= -190.323633334153  delta_E= 1.87e-05  |g|= 2.94e-05  |ddm|= 2.29e-05
    CPU time for cycle= 60     71.87 sec, wall time      4.00 sec
  alpha nocc = 12  HOMO = -0.549583959643053  LUMO = -0.0489347464706297
  beta  nocc = 12  HOMO = -0.549583956120856  LUMO = -0.0489347463775449
    CPU time for vxc      3.30 sec, wall time      0.17 sec
Calculate new Vsic (cycle = 62)
    CPU time for vxc     29.31 sec, wall time      1.68 sec
    CPU time for vxc     28.53 sec, wall time      1.62 sec
ESIC = -1.992280
    CPU time for vxc      3.71 sec, wall time      0.20 sec
Dipole moment(X, Y, Z, Debye): -1.43724, -0.26792,  0.00006
cycle= 61 E= -190.32362738818  delta_E= 5.95e-06  |g|= 1.67e-05  |ddm|= 3.78e-05
    CPU time for cycle= 61     72.19 sec, wall time      4.04 sec
  alpha nocc = 12  HOMO = -0.549587739016981  LUMO = -0.0489353439257549
  beta  nocc = 12  HOMO = -0.549587735495344  LUMO = -0.0489353438329931
    CPU time for vxc      3.22 sec, wall time      0.16 sec
Calculate new Vsic (cycle = 63)
    CPU time for vxc     29.59 sec, wall time      1.68 sec
    CPU time for vxc     27.95 sec, wall time      1.52 sec
ESIC = -1.992278
    CPU time for vxc      3.11 sec, wall time      0.17 sec
Dipole moment(X, Y, Z, Debye): -1.43689, -0.26776,  0.00006
cycle= 62 E= -190.323616757428  delta_E= 1.06e-05  |g|= 5.96e-06  |ddm|= 2.3e-05
    CPU time for cycle= 62     71.13 sec, wall time      3.89 sec
  alpha nocc = 12  HOMO = -0.549584196620084  LUMO = -0.0489347642001417
  beta  nocc = 12  HOMO = -0.549584193097923  LUMO = -0.048934764107296
    CPU time for vxc      3.66 sec, wall time      0.18 sec
Calculate new Vsic (cycle = 64)
    CPU time for vxc     28.43 sec, wall time      1.59 sec
    CPU time for vxc     27.63 sec, wall time      1.51 sec
ESIC = -1.992279
    CPU time for vxc      2.92 sec, wall time      0.16 sec
Dipole moment(X, Y, Z, Debye): -1.43690, -0.26777,  0.00006
cycle= 63 E= -190.323545941548  delta_E= 7.08e-05  |g|= 2.85e-05  |ddm|= 2.16e-05
    CPU time for cycle= 63     69.20 sec, wall time      3.77 sec
  alpha nocc = 12  HOMO = -0.549584030932864  LUMO = -0.0489347379881819
  beta  nocc = 12  HOMO = -0.549584027410825  LUMO = -0.0489347378952155
    CPU time for vxc      2.76 sec, wall time      0.14 sec
Calculate new Vsic (cycle = 65)
    CPU time for vxc     28.68 sec, wall time      1.62 sec
    CPU time for vxc     29.20 sec, wall time      1.65 sec
ESIC = -1.992278
    CPU time for vxc      3.00 sec, wall time      0.18 sec
Dipole moment(X, Y, Z, Debye): -1.43673, -0.26770,  0.00006
cycle= 64 E= -190.323550485807  delta_E= -4.54e-06  |g|= 3.59e-05  |ddm|= 1.08e-06
    CPU time for cycle= 64     71.48 sec, wall time      3.98 sec
  alpha nocc = 12  HOMO = -0.549586082350397  LUMO = -0.0489350618738495
  beta  nocc = 12  HOMO = -0.549586078828358  LUMO = -0.048935061780894
    CPU time for vxc      3.60 sec, wall time      0.18 sec
Calculate new Vsic (cycle = 66)
    CPU time for vxc     29.46 sec, wall time      1.68 sec
    CPU time for vxc     28.82 sec, wall time      1.64 sec
ESIC = -1.992278
    CPU time for vxc      3.39 sec, wall time      0.19 sec
Dipole moment(X, Y, Z, Debye): -1.43664, -0.26766,  0.00006
cycle= 65 E= -190.323529378651  delta_E= 2.11e-05  |g|= 2.61e-05  |ddm|= 1.24e-05
    CPU time for cycle= 65     73.24 sec, wall time      4.09 sec
  alpha nocc = 12  HOMO = -0.549583318137628  LUMO = -0.0489346050675069
  beta  nocc = 12  HOMO = -0.549583314615836  LUMO = -0.0489346049748206
    CPU time for vxc      3.91 sec, wall time      0.20 sec
Calculate new Vsic (cycle = 67)
    CPU time for vxc     29.58 sec, wall time      1.69 sec
    CPU time for vxc     29.99 sec, wall time      1.71 sec
ESIC = -1.992278
    CPU time for vxc      3.02 sec, wall time      0.18 sec
Dipole moment(X, Y, Z, Debye): -1.43669, -0.26768,  0.00006
cycle= 66 E= -190.323506473805  delta_E= 2.29e-05  |g|= 4.18e-05  |ddm|= 1.66e-05
    CPU time for cycle= 66     75.91 sec, wall time      4.27 sec
  alpha nocc = 12  HOMO = -0.549583022675438  LUMO = -0.0489345624117767
  beta  nocc = 12  HOMO = -0.549583019154271  LUMO = -0.0489345623188562
    CPU time for vxc      4.46 sec, wall time      0.23 sec
Calculate new Vsic (cycle = 68)
    CPU time for vxc     30.54 sec, wall time      1.76 sec
    CPU time for vxc     29.56 sec, wall time      1.68 sec
ESIC = -1.992278
    CPU time for vxc      2.81 sec, wall time      0.16 sec
Dipole moment(X, Y, Z, Debye): -1.43659, -0.26763,  0.00006
cycle= 67 E= -190.3235164773  delta_E= -1e-05  |g|= 4.64e-05  |ddm|= 1.87e-06
    CPU time for cycle= 67     76.96 sec, wall time      4.32 sec
  alpha nocc = 12  HOMO = -0.549581786928784  LUMO = -0.0489343396306451
  beta  nocc = 12  HOMO = -0.549581783407176  LUMO = -0.0489343395379525
    CPU time for vxc      3.44 sec, wall time      0.20 sec
Calculate new Vsic (cycle = 69)
    CPU time for vxc     29.69 sec, wall time      1.69 sec
    CPU time for vxc     29.88 sec, wall time      1.72 sec
ESIC = -1.992278
    CPU time for vxc      2.91 sec, wall time      0.18 sec
Dipole moment(X, Y, Z, Debye): -1.43654, -0.26761,  0.00006
cycle= 68 E= -190.323492850305  delta_E= 2.36e-05  |g|= 5.76e-05  |ddm|= 7.65e-06
    CPU time for cycle= 68     74.76 sec, wall time      4.23 sec
  alpha nocc = 12  HOMO = -0.549582225698696  LUMO = -0.048934434398136
  beta  nocc = 12  HOMO = -0.549582222177317  LUMO = -0.0489344343052976
    CPU time for vxc      4.11 sec, wall time      0.22 sec
Calculate new Vsic (cycle = 70)
    CPU time for vxc     30.43 sec, wall time      1.74 sec
    CPU time for vxc     30.88 sec, wall time      1.82 sec
ESIC = -1.992277
    CPU time for vxc      3.40 sec, wall time      0.19 sec
Dipole moment(X, Y, Z, Debye): -1.43645, -0.26757,  0.00006
cycle= 69 E= -190.323485679088  delta_E= 7.17e-06  |g|= 5.81e-05  |ddm|= 2.54e-06
    CPU time for cycle= 69     77.61 sec, wall time      4.43 sec
  alpha nocc = 12  HOMO = -0.549588415073813  LUMO = -0.0489354198695643
  beta  nocc = 12  HOMO = -0.549588411552854  LUMO = -0.0489354197768667
    CPU time for vxc      3.66 sec, wall time      0.20 sec
Calculate new Vsic (cycle = 71)
    CPU time for vxc     30.20 sec, wall time      1.75 sec
    CPU time for vxc     30.61 sec, wall time      1.76 sec
ESIC = -1.992277
    CPU time for vxc      3.34 sec, wall time      0.19 sec
Dipole moment(X, Y, Z, Debye): -1.43642, -0.26756,  0.00006
cycle= 70 E= -190.323491718243  delta_E= -6.04e-06  |g|= 2.05e-05  |ddm|= 3.72e-05
    CPU time for cycle= 70     77.19 sec, wall time      4.39 sec
  alpha nocc = 12  HOMO = -0.549589877053287  LUMO = -0.0489356736279492
  beta  nocc = 12  HOMO = -0.549589873533269  LUMO = -0.0489356735347315
    CPU time for vxc      3.70 sec, wall time      0.18 sec
Calculate new Vsic (cycle = 72)
    CPU time for vxc     29.66 sec, wall time      1.70 sec
    CPU time for vxc     27.18 sec, wall time      1.49 sec
ESIC = -1.992278
    CPU time for vxc      2.99 sec, wall time      0.17 sec
Dipole moment(X, Y, Z, Debye): -1.43669, -0.26768,  0.00006
cycle= 71 E= -190.323496851036  delta_E= -5.13e-06  |g|= 1.95e-06  |ddm|= 9.24e-06
    CPU time for cycle= 71     70.82 sec, wall time      3.92 sec
  alpha nocc = 12  HOMO = -0.549590911746986  LUMO = -0.0489358285749348
  beta  nocc = 12  HOMO = -0.549590908227184  LUMO = -0.0489358284814972
    CPU time for vxc      2.81 sec, wall time      0.14 sec
Calculate new Vsic (cycle = 73)
    CPU time for vxc     28.59 sec, wall time      1.63 sec
    CPU time for vxc     28.40 sec, wall time      1.59 sec
ESIC = -1.992279
    CPU time for vxc      2.70 sec, wall time      0.16 sec
Dipole moment(X, Y, Z, Debye): -1.43689, -0.26777,  0.00006
cycle= 72 E= -190.323548402931  delta_E= -5.16e-05  |g|= 1.56e-05  |ddm|= 6.43e-06
    CPU time for cycle= 72     70.12 sec, wall time      3.91 sec
  alpha nocc = 12  HOMO = -0.549591444778002  LUMO = -0.04893591553305
  beta  nocc = 12  HOMO = -0.54959144125859  LUMO = -0.0489359154393874
    CPU time for vxc      4.26 sec, wall time      0.23 sec
Calculate new Vsic (cycle = 74)
    CPU time for vxc     29.98 sec, wall time      1.73 sec
    CPU time for vxc     29.02 sec, wall time      1.64 sec
ESIC = -1.992279
    CPU time for vxc      3.53 sec, wall time      0.19 sec
Dipole moment(X, Y, Z, Debye): -1.43703, -0.26784,  0.00006
cycle= 73 E= -190.323586964438  delta_E= -3.86e-05  |g|= 2.5e-05  |ddm|= 3.38e-06
    CPU time for cycle= 73     74.16 sec, wall time      4.18 sec
  alpha nocc = 12  HOMO = -0.549590512263542  LUMO = -0.0489357530448114
  beta  nocc = 12  HOMO = -0.54959050874354  LUMO = -0.0489357529514125
    CPU time for vxc      2.66 sec, wall time      0.13 sec
Calculate new Vsic (cycle = 75)
    CPU time for vxc     30.02 sec, wall time      1.73 sec
    CPU time for vxc     29.02 sec, wall time      1.65 sec
ESIC = -1.992280
    CPU time for vxc      2.83 sec, wall time      0.16 sec
Dipole moment(X, Y, Z, Debye): -1.43713, -0.26788,  0.00006
cycle= 74 E= -190.323607546752  delta_E= -2.06e-05  |g|= 2.18e-05  |ddm|= 5.89e-06
    CPU time for cycle= 74     73.81 sec, wall time      4.15 sec
  alpha nocc = 12  HOMO = -0.54959085176875  LUMO = -0.048935807932683
  beta  nocc = 12  HOMO = -0.54959084824867  LUMO = -0.0489358078392455
    CPU time for vxc      3.67 sec, wall time      0.18 sec
Calculate new Vsic (cycle = 76)
    CPU time for vxc     28.63 sec, wall time      1.62 sec
    CPU time for vxc     29.77 sec, wall time      1.70 sec
ESIC = -1.992280
    CPU time for vxc      3.20 sec, wall time      0.18 sec
Dipole moment(X, Y, Z, Debye): -1.43713, -0.26788,  0.00006
cycle= 75 E= -190.32362546699  delta_E= -1.79e-05  |g|= 2.39e-05  |ddm|= 2.03e-06
    CPU time for cycle= 75     73.43 sec, wall time      4.11 sec
  alpha nocc = 12  HOMO = -0.549590303938102  LUMO = -0.0489357348450241
  beta  nocc = 12  HOMO = -0.549590300418044  LUMO = -0.0489357347516425
    CPU time for vxc      3.27 sec, wall time      0.18 sec
Calculate new Vsic (cycle = 77)
    CPU time for vxc     29.28 sec, wall time      1.69 sec
    CPU time for vxc     30.09 sec, wall time      1.73 sec
ESIC = -1.992280
    CPU time for vxc      2.85 sec, wall time      0.16 sec
Dipole moment(X, Y, Z, Debye): -1.43715, -0.26789,  0.00006
cycle= 76 E= -190.323621030138  delta_E= 4.44e-06  |g|= 2.1e-05  |ddm|= 3.34e-06
    CPU time for cycle= 76     73.71 sec, wall time      4.17 sec
  alpha nocc = 12  HOMO = -0.549591162672227  LUMO = -0.0489358507513139
  beta  nocc = 12  HOMO = -0.549591159152197  LUMO = -0.0489358506578325
    CPU time for vxc      3.44 sec, wall time      0.17 sec
Calculate new Vsic (cycle = 78)
    CPU time for vxc     29.60 sec, wall time      1.71 sec
    CPU time for vxc     29.37 sec, wall time      1.67 sec
ESIC = -1.992280
    CPU time for vxc      2.66 sec, wall time      0.16 sec
Dipole moment(X, Y, Z, Debye): -1.43713, -0.26788,  0.00006
cycle= 77 E= -190.323627773298  delta_E= -6.74e-06  |g|= 2.64e-05  |ddm|= 5.4e-06
    CPU time for cycle= 77     73.01 sec, wall time      4.11 sec
  alpha nocc = 12  HOMO = -0.549591317891366  LUMO = -0.0489358933257351
  beta  nocc = 12  HOMO = -0.549591314371286  LUMO = -0.0489358932322266
    CPU time for vxc      2.80 sec, wall time      0.14 sec
Calculate new Vsic (cycle = 79)
    CPU time for vxc     30.26 sec, wall time      1.70 sec
    CPU time for vxc     28.42 sec, wall time      1.60 sec
ESIC = -1.992280
    CPU time for vxc      2.78 sec, wall time      0.16 sec
Dipole moment(X, Y, Z, Debye): -1.43717, -0.26789,  0.00006
cycle= 78 E= -190.323624617488  delta_E= 3.16e-06  |g|= 2.88e-05  |ddm|= 9.07e-07
    CPU time for cycle= 78     71.01 sec, wall time      3.95 sec
  alpha nocc = 12  HOMO = -0.549590792610476  LUMO = -0.0489358104732025
  beta  nocc = 12  HOMO = -0.549590789090397  LUMO = -0.0489358103797543
    CPU time for vxc      3.15 sec, wall time      0.17 sec
Calculate new Vsic (cycle = 80)
    CPU time for vxc     28.75 sec, wall time      1.63 sec
    CPU time for vxc     30.02 sec, wall time      1.69 sec
ESIC = -1.992280
    CPU time for vxc      2.63 sec, wall time      0.15 sec
Dipole moment(X, Y, Z, Debye): -1.43719, -0.26790,  0.00006
cycle= 79 E= -190.323629635249  delta_E= -5.02e-06  |g|= 2.61e-05  |ddm|= 3.22e-06
    CPU time for cycle= 79     71.74 sec, wall time      4.01 sec
  alpha nocc = 12  HOMO = -0.549590887822623  LUMO = -0.0489358282265853
  beta  nocc = 12  HOMO = -0.549590884302588  LUMO = -0.0489358281331191
    CPU time for vxc      3.34 sec, wall time      0.17 sec
Calculate new Vsic (cycle = 81)
    CPU time for vxc     29.33 sec, wall time      1.65 sec
    CPU time for vxc     29.27 sec, wall time      1.67 sec
ESIC = -1.992280
    CPU time for vxc      2.73 sec, wall time      0.16 sec
Dipole moment(X, Y, Z, Debye): -1.43718, -0.26790,  0.00006
cycle= 80 E= -190.323634193672  delta_E= -4.56e-06  |g|= 2.63e-05  |ddm|= 6.11e-07
    CPU time for cycle= 80     72.68 sec, wall time      4.05 sec
  alpha nocc = 12  HOMO = -0.549588573674024  LUMO = -0.04893547334244
  beta  nocc = 12  HOMO = -0.549588570154412  LUMO = -0.0489354732491331
    CPU time for vxc      3.42 sec, wall time      0.17 sec
Calculate new Vsic (cycle = 82)
    CPU time for vxc     30.29 sec, wall time      1.73 sec
    CPU time for vxc     28.39 sec, wall time      1.59 sec
ESIC = -1.992280
    CPU time for vxc      2.29 sec, wall time      0.14 sec
Dipole moment(X, Y, Z, Debye): -1.43718, -0.26790,  0.00006
cycle= 81 E= -190.323621585536  delta_E= 1.26e-05  |g|= 1.14e-05  |ddm|= 1.4e-05
    CPU time for cycle= 81     72.85 sec, wall time      4.06 sec
  alpha nocc = 12  HOMO = -0.549587396189883  LUMO = -0.0489352820634662
  beta  nocc = 12  HOMO = -0.549587392670192  LUMO = -0.0489352819703187
    CPU time for vxc      3.67 sec, wall time      0.18 sec
Calculate new Vsic (cycle = 83)
    CPU time for vxc     28.13 sec, wall time      1.57 sec
    CPU time for vxc     28.60 sec, wall time      1.61 sec
ESIC = -1.992279
    CPU time for vxc      2.88 sec, wall time      0.17 sec
Dipole moment(X, Y, Z, Debye): -1.43707, -0.26785,  0.00006
cycle= 82 E= -190.32361581657  delta_E= 5.77e-06  |g|= 2.98e-06  |ddm|= 7.09e-06
    CPU time for cycle= 82     69.36 sec, wall time      3.84 sec
  alpha nocc = 12  HOMO = -0.549585776769213  LUMO = -0.0489349983772571
  beta  nocc = 12  HOMO = -0.549585773249389  LUMO = -0.0489349982843283
    CPU time for vxc      2.72 sec, wall time      0.14 sec
Calculate new Vsic (cycle = 84)
    CPU time for vxc     28.59 sec, wall time      1.61 sec
    CPU time for vxc     27.71 sec, wall time      1.53 sec
ESIC = -1.992279
    CPU time for vxc      2.21 sec, wall time      0.13 sec
Dipole moment(X, Y, Z, Debye): -1.43697, -0.26780,  0.00006
cycle= 83 E= -190.323587633108  delta_E= 2.82e-05  |g|= 1.63e-05  |ddm|= 9.96e-06
    CPU time for cycle= 83     68.78 sec, wall time      3.79 sec
  alpha nocc = 12  HOMO = -0.549585073779796  LUMO = -0.0489350022454419
  beta  nocc = 12  HOMO = -0.549585070260046  LUMO = -0.04893500215241
    CPU time for vxc      3.55 sec, wall time      0.18 sec
Calculate new Vsic (cycle = 85)
    CPU time for vxc     29.04 sec, wall time      1.65 sec
    CPU time for vxc     28.00 sec, wall time      1.56 sec
ESIC = -1.992278
    CPU time for vxc      2.83 sec, wall time      0.15 sec
Dipole moment(X, Y, Z, Debye): -1.43684, -0.26774,  0.00006
cycle= 84 E= -190.323567296082  delta_E= 2.03e-05  |g|= 2.25e-05  |ddm|= 4.9e-06
    CPU time for cycle= 84     71.49 sec, wall time      3.95 sec
  alpha nocc = 12  HOMO = -0.549587028414627  LUMO = -0.0489353869123512
  beta  nocc = 12  HOMO = -0.549587024894598  LUMO = -0.0489353868191985
    CPU time for vxc      3.71 sec, wall time      0.19 sec
Calculate new Vsic (cycle = 86)
    CPU time for vxc     28.71 sec, wall time      1.62 sec
    CPU time for vxc     29.68 sec, wall time      1.70 sec
ESIC = -1.992278
    CPU time for vxc      2.74 sec, wall time      0.16 sec
Dipole moment(X, Y, Z, Debye): -1.43676, -0.26771,  0.00006
cycle= 85 E= -190.32355462702  delta_E= 1.27e-05  |g|= 1.05e-05  |ddm|= 1.26e-05
    CPU time for cycle= 85     73.36 sec, wall time      4.09 sec
  alpha nocc = 12  HOMO = -0.549588315764575  LUMO = -0.048935546879647
  beta  nocc = 12  HOMO = -0.549588312244456  LUMO = -0.0489355467864671
    CPU time for vxc      2.77 sec, wall time      0.14 sec
Calculate new Vsic (cycle = 87)
    CPU time for vxc     29.92 sec, wall time      1.71 sec
    CPU time for vxc     28.14 sec, wall time      1.58 sec
ESIC = -1.992279
    CPU time for vxc      2.62 sec, wall time      0.15 sec
Dipole moment(X, Y, Z, Debye): -1.43683, -0.26774,  0.00006
cycle= 86 E= -190.323547063732  delta_E= 7.56e-06  |g|= 7.5e-07  |ddm|= 7.61e-06
    CPU time for cycle= 86     70.92 sec, wall time      3.95 sec
  alpha nocc = 12  HOMO = -0.549588310071251  LUMO = -0.048935524154351
  beta  nocc = 12  HOMO = -0.549588306551138  LUMO = -0.0489355240611766
    CPU time for vxc      3.54 sec, wall time      0.18 sec
Calculate new Vsic (cycle = 88)
    CPU time for vxc     29.61 sec, wall time      1.69 sec
    CPU time for vxc     28.57 sec, wall time      1.63 sec
ESIC = -1.992279
    CPU time for vxc      2.84 sec, wall time      0.16 sec
Dipole moment(X, Y, Z, Debye): -1.43691, -0.26778,  0.00006
cycle= 87 E= -190.32356139677  delta_E= -1.43e-05  |g|= 2.31e-06  |ddm|= 7.19e-07
    CPU time for cycle= 87     72.27 sec, wall time      4.07 sec
  alpha nocc = 12  HOMO = -0.549588144014211  LUMO = -0.0489354918393212
  beta  nocc = 12  HOMO = -0.549588140494063  LUMO = -0.0489354917461667
    CPU time for vxc      3.61 sec, wall time      0.19 sec
Calculate new Vsic (cycle = 89)
    CPU time for vxc     30.21 sec, wall time      1.74 sec
    CPU time for vxc     29.52 sec, wall time      1.70 sec
ESIC = -1.992279
    CPU time for vxc      2.90 sec, wall time      0.17 sec
Dipole moment(X, Y, Z, Debye): -1.43695, -0.26780,  0.00006
cycle= 88 E= -190.323576999965  delta_E= -1.56e-05  |g|= 2.28e-06  |ddm|= 1.1e-06
    CPU time for cycle= 88     73.82 sec, wall time      4.19 sec
  alpha nocc = 12  HOMO = -0.54958794910456  LUMO = -0.0489354613089933
  beta  nocc = 12  HOMO = -0.54958794558442  LUMO = -0.0489354612158504
    CPU time for vxc      3.01 sec, wall time      0.15 sec
Calculate new Vsic (cycle = 90)
    CPU time for vxc     29.93 sec, wall time      1.71 sec
    CPU time for vxc     28.06 sec, wall time      1.59 sec
ESIC = -1.992279
    CPU time for vxc      2.75 sec, wall time      0.16 sec
Dipole moment(X, Y, Z, Debye): -1.43696, -0.26780,  0.00006
cycle= 89 E= -190.323582092212  delta_E= -5.09e-06  |g|= 1.28e-06  |ddm|= 1.19e-06
    CPU time for cycle= 89     71.29 sec, wall time      4.01 sec
  alpha nocc = 12  HOMO = -0.549587939543598  LUMO = -0.0489354613200602
  beta  nocc = 12  HOMO = -0.549587936023454  LUMO = -0.0489354612269213
    CPU time for vxc      4.16 sec, wall time      0.21 sec
Calculate new Vsic (cycle = 91)
    CPU time for vxc     29.30 sec, wall time      1.63 sec
    CPU time for vxc     29.37 sec, wall time      1.64 sec
ESIC = -1.992279
    CPU time for vxc      3.23 sec, wall time      0.17 sec
Dipole moment(X, Y, Z, Debye): -1.43695, -0.26780,  0.00006
cycle= 90 E= -190.323582923272  delta_E= -8.31e-07  |g|= 1.08e-06  |ddm|= 7.05e-08
    CPU time for cycle= 90     74.07 sec, wall time      4.07 sec
  alpha nocc = 12  HOMO = -0.549588046751278  LUMO = -0.0489354622479368
  beta  nocc = 12  HOMO = -0.549588043231126  LUMO = -0.0489354621548119
    CPU time for vxc      3.21 sec, wall time      0.16 sec
Calculate new Vsic (cycle = 92)
    CPU time for vxc     28.59 sec, wall time      1.61 sec
    CPU time for vxc     29.37 sec, wall time      1.65 sec
ESIC = -1.992279
    CPU time for vxc      2.88 sec, wall time      0.15 sec
Dipole moment(X, Y, Z, Debye): -1.43695, -0.26780,  0.00006
Extra cycle  E= -190.323579279429  delta_E= 3.64e-06  |g|= 2.16e-06  |ddm|= 1.91e-06
    CPU time for scf_cycle   6654.86 sec, wall time    370.84 sec
    CPU time for SCF   6654.87 sec, wall time    370.84 sec
converged SCF energy = -190.323579279429  <S^2> = 1.0658141e-14  2S+1 = 1
Dipole moment(X, Y, Z, Debye): -1.43695, -0.26780,  0.00006
FLO-SIC calculating FOD gradients ...
FOD gradients done, time: 0.18
pol_dft - pol_flosic:  [[ 1.70675881e+00 -4.53935043e-02 -1.24728716e-05]
 [-4.53935043e-02  1.53552813e+00 -6.07385986e-05]
 [-1.24728716e-05 -6.07385986e-05  7.95467576e-01]] 

