    1   -582.054505797655  0.149471234307E-01
    2   -582.054505797655  0.149471234307E-01
    3   -582.054505852848  0.149502092374E-01
    4   -582.054505852848  0.149502092374E-01
    5   -582.054505852844  0.149502092374E-01
    6   -582.054505852844  0.149502092374E-01
    7   -582.054509791684  0.149338978088E-01
    8   -582.054509791684  0.149338978088E-01
    9   -582.053142071329  0.173633982896E-01
   10   -582.053142071329  0.173633982896E-01
   11   -582.054830622355  0.962684009066E-02
   12   -582.054830622355  0.962684009066E-02
   13   -582.054235298761  0.103578831816E-01
   14   -582.054235298761  0.103578831816E-01
   15   -582.053870894503  0.106905165143E-01
   16   -582.053870894503  0.106905165143E-01
   17   -582.053968896523  0.969591232863E-02
   18   -582.053968896523  0.969591232863E-02
   19   -582.054028932349  0.767690122996E-02
   20   -582.054028932349  0.767690122996E-02
   21   -582.054063992902  0.335815089964E-02
   22   -582.054063992902  0.335815089964E-02
   23   -582.054020997011  0.230394318308E-02
   24   -582.054020997011  0.230394318308E-02
   25   -582.053978250303  0.240382282837E-02
   26   -582.053978250303  0.240382282837E-02
   27   -582.053960678260  0.234296107486E-02
   28   -582.053960678260  0.234296107486E-02
   29   -582.053936363486  0.220640754369E-02
   30   -582.053936363486  0.220640754369E-02
   31   -582.053908197152  0.218466072940E-02
   32   -582.053908197152  0.218466072940E-02
   33   -582.053880972187  0.305206589522E-02
   34   -582.053880972187  0.305206589522E-02
   35   -582.053880460031  0.514479063120E-02
   36   -582.053880460031  0.514479063120E-02
   37   -582.053922169279  0.723841233294E-02
   38   -582.053922169279  0.723841233294E-02
   39   -582.053985342162  0.822263171152E-02
   40   -582.053985342162  0.822263171152E-02
   41   -582.054054307756  0.832278366110E-02
   42   -582.054054307756  0.832278366110E-02
   43   -582.054132047877  0.775673071658E-02
   44   -582.054132047877  0.775673071658E-02
   45   -582.054198171534  0.687276831196E-02
   46   -582.054198171534  0.687276831196E-02
   47   -582.054192274020  0.702674739713E-02
   48   -582.054192274020  0.702674739713E-02
   49   -582.054086703091  0.800642381450E-02
   50   -582.054086703091  0.800642381450E-02
   51   -582.053978048306  0.777995850549E-02
   52   -582.053978048306  0.777995850549E-02
   53   -582.053926271651  0.697475496899E-02
   54   -582.053926271651  0.697475496899E-02
   55   -582.053886995367  0.597925400293E-02
   56   -582.053886995367  0.597925400293E-02
   57   -582.053868221553  0.609442649271E-02
   58   -582.053868221553  0.609442649271E-02
   59   -582.053898002746  0.879456044526E-02
   60   -582.053898002746  0.879456044526E-02
   61   -582.053978018508  0.113734389767E-01
   62   -582.053978018508  0.113734389767E-01
   63   -582.054068418345  0.120601367879E-01
   64   -582.054068418345  0.120601367879E-01
   65   -582.054148597731  0.115575200858E-01
   66   -582.054148597731  0.115575200858E-01
   67   -582.054237630840  0.104659692857E-01
   68   -582.054237630840  0.104659692857E-01
   69   -582.054316140140  0.978996939332E-02
   70   -582.054316140140  0.978996939332E-02
   71   -582.054325021247  0.114587520946E-01
   72   -582.054325021247  0.114587520946E-01
   73   -582.054211612242  0.139872027103E-01
   74   -582.054211612242  0.139872027103E-01
   75   -582.054071876299  0.136735464452E-01
   76   -582.054071876299  0.136735464452E-01
   77   -582.053997654356  0.119767432970E-01
   78   -582.053997654356  0.119767432970E-01
   79   -582.053963904517  0.101837275498E-01
   80   -582.053963904517  0.101837275498E-01
   81   -582.053956441881  0.879439843032E-02
   82   -582.053956441881  0.879439843032E-02
   83   -582.053991654613  0.930557869073E-02
   84   -582.053991654613  0.930557869073E-02
   85   -582.054051919799  0.997802775290E-02
   86   -582.054051919799  0.997802775290E-02
   87   -582.054096600841  0.968690868379E-02
   88   -582.054096600841  0.968690868379E-02
   89   -582.054126881695  0.917094473018E-02
   90   -582.054126881695  0.917094473018E-02
   91   -582.054155321479  0.883396395683E-02
   92   -582.054155321479  0.883396395683E-02
   93   -582.054172074883  0.948180385812E-02
   94   -582.054172074883  0.948180385812E-02
   95   -582.054157675112  0.108146764821E-01
   96   -582.054157675112  0.108146764821E-01
   97   -582.054110847085  0.107019252872E-01
   98   -582.054110847085  0.107019252872E-01
   99   -582.054072906378  0.939888932093E-02
  100   -582.054072906378  0.939888932093E-02
  101   -582.054059631953  0.820758567777E-02
  102   -582.054059631953  0.820758567777E-02
  103   -582.054058076537  0.688631273150E-02
  104   -582.054058076537  0.688631273150E-02
  105   -582.054073442612  0.603212266445E-02
  106   -582.054073442612  0.603212266445E-02
  107   -582.054102005373  0.587468732761E-02
  108   -582.054102005373  0.587468732761E-02
  109   -582.054123672711  0.565996172318E-02
  110   -582.054123672711  0.565996172318E-02
  111   -582.054134520612  0.538604198493E-02
  112   -582.054134520612  0.538604198493E-02
  113   -582.054145296419  0.515836904774E-02
  114   -582.054145296419  0.515836904774E-02
  115   -582.054158861009  0.533427852898E-02
  116   -582.054158861009  0.533427852898E-02
  117   -582.054171601396  0.620597746484E-02
  118   -582.054171601396  0.620597746484E-02
  119   -582.054177263046  0.734887116145E-02
  120   -582.054177263046  0.734887116145E-02
  121   -582.054174599952  0.793915381348E-02
  122   -582.054174599952  0.793915381348E-02
  123   -582.054171103364  0.802895031010E-02
  124   -582.054171103364  0.802895031010E-02
  125   -582.054169963902  0.779074429158E-02
  126   -582.054169963902  0.779074429158E-02
  127   -582.054176163321  0.695292225486E-02
  128   -582.054176163321  0.695292225486E-02
  129   -582.054191771713  0.511997424270E-02
  130   -582.054191771713  0.511997424270E-02
  131   -582.054206257374  0.345112769741E-02
  132   -582.054206257374  0.345112769741E-02
  133   -582.054211892896  0.290106876267E-02
  134   -582.054211892896  0.290106876267E-02
  135   -582.054213780472  0.271094513791E-02
  136   -582.054213780472  0.271094513791E-02
  137   -582.054215206779  0.268608542140E-02
  138   -582.054215206779  0.268608542140E-02
  139   -582.054214106269  0.308401506323E-02
  140   -582.054214106269  0.308401506323E-02
  141   -582.054208805564  0.368330723844E-02
  142   -582.054208805564  0.368330723844E-02
  143   -582.054201827807  0.387769068161E-02
  144   -582.054201827807  0.387769068161E-02
  145   -582.054196340849  0.369440984490E-02
  146   -582.054196340849  0.369440984490E-02
  147   -582.054191603777  0.331949311069E-02
  148   -582.054191603777  0.331949311069E-02
  149   -582.054186770316  0.274065236450E-02
  150   -582.054186770316  0.274065236450E-02
  151   -582.054183446295  0.205807701672E-02
  152   -582.054183446295  0.205807701672E-02
  153   -582.054183287504  0.161490993712E-02
  154   -582.054183287504  0.161490993712E-02
  155   -582.054184279374  0.149091503198E-02
  156   -582.054184279374  0.149091503198E-02
  157   -582.054184758376  0.142478806565E-02
  158   -582.054184758376  0.142478806565E-02
  159   -582.054184683294  0.132982972571E-02
  160   -582.054184683294  0.132982972571E-02
  161   -582.054183250427  0.125814567510E-02
  162   -582.054183250427  0.125814567510E-02
  163   -582.054180810340  0.121416438060E-02
  164   -582.054180810340  0.121416438060E-02
  165   -582.054178662752  0.121050799511E-02
  166   -582.054178662752  0.121050799511E-02
  167   -582.054176968214  0.123517109383E-02
  168   -582.054176968214  0.123517109383E-02
  169   -582.054174256987  0.134871795739E-02
  170   -582.054174256987  0.134871795739E-02
  171   -582.054169122406  0.162540741736E-02
  172   -582.054169122406  0.162540741736E-02
  173   -582.054161099862  0.190046836910E-02
  174   -582.054161099862  0.190046836910E-02
  175   -582.054152197146  0.184454819195E-02
  176   -582.054152197146  0.184454819195E-02
  177   -582.054148162938  0.153110359513E-02
  178   -582.054148162938  0.153110359513E-02
  179   -582.054148058901  0.134436917813E-02
  180   -582.054148058901  0.134436917813E-02
  181   -582.054148457839  0.122635805621E-02
  182   -582.054148457839  0.122635805621E-02
  183   -582.054147629596  0.113064323543E-02
  184   -582.054147629596  0.113064323543E-02
  185   -582.054144430251  0.116309218867E-02
  186   -582.054144430251  0.116309218867E-02
  187   -582.054139425826  0.129668272687E-02
  188   -582.054139425826  0.129668272687E-02
  189   -582.054135462942  0.137977177744E-02
  190   -582.054135462942  0.137977177744E-02
  191   -582.054131394677  0.145582092849E-02
  192   -582.054131394677  0.145582092849E-02
  193   -582.054124732541  0.161276566356E-02
  194   -582.054124732541  0.161276566356E-02
  195   -582.054114651897  0.187101758150E-02
  196   -582.054114651897  0.187101758150E-02
  197   -582.054101058335  0.215141318611E-02
  198   -582.054101058335  0.215141318611E-02
  199   -582.054091930529  0.221191556636E-02
  200   -582.054091930529  0.221191556636E-02
  201   -582.054089333826  0.212177402951E-02
  202   -582.054089333826  0.212177402951E-02
  203   -582.054088870432  0.198607483162E-02
  204   -582.054088870432  0.198607483162E-02
  205   -582.054086744647  0.177979022122E-02
  206   -582.054086744647  0.177979022122E-02
  207   -582.054080160458  0.153802800621E-02
  208   -582.054080160458  0.153802800621E-02
  209   -582.054070081980  0.139541955557E-02
  210   -582.054070081980  0.139541955557E-02
  211   -582.054062618455  0.138704908888E-02
  212   -582.054062618455  0.138704908888E-02
  213   -582.054059153843  0.140271138658E-02
  214   -582.054059153843  0.140271138658E-02
  215   -582.054055462860  0.148139340466E-02
  216   -582.054055462860  0.148139340466E-02
  217   -582.054051772941  0.172392580360E-02
  218   -582.054051772941  0.172392580360E-02
  219   -582.054050750920  0.172466731064E-02
  220   -582.054050750920  0.172466731064E-02
  221   -582.054050750913  0.172466731064E-02
  222   -582.054050750913  0.172466731064E-02
  223   -582.054051117491  0.160712160139E-02
  224   -582.054051117491  0.160712160139E-02
  225   -582.054056090001  0.121497086216E-02
  226   -582.054056090001  0.121497086216E-02
  227   -582.054056805323  0.125322124919E-02
  228   -582.054056805323  0.125322124919E-02
  229   -582.054074040371  0.184730765457E-02
  230   -582.054074040371  0.184730765457E-02
  231   -582.054088809777  0.185889270625E-02
  232   -582.054088809777  0.185889270625E-02
  233   -582.054101374283  0.159222645472E-02
  234   -582.054101374283  0.159222645472E-02
  235   -582.054104322897  0.147755277297E-02
  236   -582.054104322897  0.147755277297E-02
  237   -582.054105761595  0.140652598180E-02
  238   -582.054105761595  0.140652598180E-02
  239   -582.054108741735  0.132542757971E-02
  240   -582.054108741735  0.132542757971E-02
  241   -582.054114645319  0.124822511083E-02
  242   -582.054114645319  0.124822511083E-02
  243   -582.054121109649  0.121892410387E-02
  244   -582.054121109649  0.121892410387E-02
  245   -582.054125136756  0.122258626368E-02
  246   -582.054125136756  0.122258626368E-02
  247   -582.054128144284  0.123528914727E-02
  248   -582.054128144284  0.123528914727E-02
  249   -582.054132931966  0.129082558704E-02
  250   -582.054132931966  0.129082558704E-02
  251   -582.054141113625  0.140988647366E-02
  252   -582.054141113625  0.140988647366E-02
  253   -582.054151100928  0.148831903385E-02
  254   -582.054151100928  0.148831903385E-02
  255   -582.054158199104  0.146214555779E-02
  256   -582.054158199104  0.146214555779E-02
  257   -582.054160567216  0.138890912667E-02
  258   -582.054160567216  0.138890912667E-02
  259   -582.054161516477  0.129413302922E-02
  260   -582.054161516477  0.129413302922E-02
  261   -582.054163529214  0.117289661674E-02
  262   -582.054163529214  0.117289661674E-02
  263   -582.054167480891  0.106360981989E-02
  264   -582.054167480891  0.106360981989E-02
  265   -582.054172238810  0.101509662918E-02
  266   -582.054172238810  0.101509662918E-02
  267   -582.054175273152  0.998836330471E-03
  268   -582.054175273152  0.998836330471E-03
  269   -582.054177192346  0.101061535747E-02
  270   -582.054177192346  0.101061535747E-02
  271   -582.054179694597  0.111383264993E-02
  272   -582.054179694597  0.111383264993E-02
  273   -582.054183479009  0.142532873087E-02
  274   -582.054183479009  0.142532873087E-02
  275   -582.054189108108  0.200738135429E-02
  276   -582.054189108108  0.200738135429E-02
  277   -582.054195345122  0.267533351709E-02
  278   -582.054195345122  0.267533351709E-02
  279   -582.054199737478  0.316248036047E-02
  280   -582.054199737478  0.316248036047E-02
  281   -582.054201059674  0.334521275792E-02
  282   -582.054201059674  0.334521275792E-02
  283   -582.054201455397  0.332936616776E-02
  284   -582.054201455397  0.332936616776E-02
  285   -582.054203593483  0.319834040302E-02
  286   -582.054203593483  0.319834040302E-02
  287   -582.054210188674  0.294581150530E-02
  288   -582.054210188674  0.294581150530E-02
  289   -582.054220738524  0.267061349241E-02
  290   -582.054220738524  0.267061349241E-02
  291   -582.054229312731  0.253924209436E-02
  292   -582.054229312731  0.253924209436E-02
  293   -582.054233816562  0.250213844914E-02
  294   -582.054233816562  0.250213844914E-02
  295   -582.054237772478  0.257295833647E-02
  296   -582.054237772478  0.257295833647E-02
  297   -582.054243188096  0.296830384644E-02
  298   -582.054243188096  0.296830384644E-02
  299   -582.054249974989  0.386056678081E-02
  300   -582.054249974989  0.386056678081E-02
  301   -582.054255094716  0.489105319562E-02
  302   -582.054255094716  0.489105319562E-02
  303   -582.054256076006  0.563528668587E-02
  304   -582.054256076006  0.563528668587E-02
  305   -582.054254277775  0.597158492055E-02
  306   -582.054254277775  0.597158492055E-02
  307   -582.054251862884  0.619027027492E-02
  308   -582.054251862884  0.619027027492E-02
  309   -582.054249745072  0.654379328664E-02
  310   -582.054249745072  0.654379328664E-02
  311   -582.054248529769  0.699571165057E-02
  312   -582.054248529769  0.699571165057E-02
  313   -582.054248602703  0.680494162843E-02
  314   -582.054248602703  0.680494162843E-02
  315   -582.054252460241  0.588261998787E-02
  316   -582.054252460241  0.588261998787E-02
  317   -582.054257136607  0.513755669857E-02
  318   -582.054257136607  0.513755669857E-02
  319   -582.054259450310  0.455880838031E-02
  320   -582.054259450310  0.455880838031E-02
  321   -582.054257134303  0.417181341128E-02
  322   -582.054257134303  0.417181341128E-02
  323   -582.054247433764  0.432878253360E-02
  324   -582.054247433764  0.432878253360E-02
  325   -582.054234534376  0.463510809938E-02
  326   -582.054234534376  0.463510809938E-02
  327   -582.054224483167  0.478848894682E-02
  328   -582.054224483167  0.478848894682E-02
  329   -582.054214041189  0.494868746117E-02
  330   -582.054214041189  0.494868746117E-02
  331   -582.054201159028  0.518847823809E-02
  332   -582.054201159028  0.518847823809E-02
  333   -582.054187701089  0.511480104222E-02
  334   -582.054187701089  0.511480104222E-02
  335   -582.054181625754  0.427038677664E-02
  336   -582.054181625754  0.427038677664E-02
  337   -582.054183847091  0.354013518649E-02
  338   -582.054183847091  0.354013518649E-02
  339   -582.054186170594  0.314321987772E-02
  340   -582.054186170594  0.314321987772E-02
  341   -582.054186856448  0.268751597223E-02
  342   -582.054186856448  0.268751597223E-02
  343   -582.054183101959  0.215743579803E-02
  344   -582.054183101959  0.215743579803E-02
  345   -582.054176420050  0.175083048865E-02
  346   -582.054176420050  0.175083048865E-02
  347   -582.054171937010  0.160726017530E-02
  348   -582.054171937010  0.160726017530E-02
  349   -582.054169667692  0.158671109846E-02
  350   -582.054169667692  0.158671109846E-02
  351   -582.054167705702  0.169799307957E-02
  352   -582.054167705702  0.169799307957E-02
  353   -582.054166596019  0.200194698288E-02
  354   -582.054166596019  0.200194698288E-02
  355   -582.054167624552  0.225856373048E-02
  356   -582.054167624552  0.225856373048E-02
  357   -582.054170870658  0.208590047049E-02
  358   -582.054170870658  0.208590047049E-02
  359   -582.054173661748  0.168605399665E-02
  360   -582.054173661748  0.168605399665E-02
  361   -582.054174680868  0.136038440461E-02
  362   -582.054174680868  0.136038440461E-02
  363   -582.054174289423  0.105418424874E-02
  364   -582.054174289423  0.105418424874E-02
  365   -582.054172119514  0.869077363249E-03
  366   -582.054172119514  0.869077363249E-03
  367   -582.054169277926  0.919579850733E-03
  368   -582.054169277926  0.919579850733E-03
  369   -582.054167244793  0.101558845453E-02
  370   -582.054167244793  0.101558845453E-02
  371   -582.054165580181  0.110982985141E-02
  372   -582.054165580181  0.110982985141E-02
  373   -582.054163123799  0.127763561149E-02
  374   -582.054163123799  0.127763561149E-02
  375   -582.054159512867  0.153306579603E-02
  376   -582.054159512867  0.153306579603E-02
  377   -582.054155151350  0.180599497473E-02
  378   -582.054155151350  0.180599497473E-02
  379   -582.054151503714  0.201018332683E-02
  380   -582.054151503714  0.201018332683E-02
  381   -582.054149117762  0.211913250613E-02
  382   -582.054149117762  0.211913250613E-02
  383   -582.054146339965  0.217701555170E-02
  384   -582.054146339965  0.217701555170E-02
  385   -582.054140595429  0.220218364473E-02
  386   -582.054140595429  0.220218364473E-02
  387   -582.054130305387  0.208584293179E-02
  388   -582.054130305387  0.208584293179E-02
  389   -582.054119027082  0.176063192274E-02
  390   -582.054119027082  0.176063192274E-02
  391   -582.054113363164  0.147437321076E-02
  392   -582.054113363164  0.147437321076E-02
  393   -582.054111493102  0.135171790311E-02
  394   -582.054111493102  0.135171790311E-02
  395   -582.054110802240  0.133006112605E-02
  396   -582.054110802240  0.133006112605E-02
  397   -582.054109731489  0.157488868231E-02
  398   -582.054109731489  0.157488868231E-02
  399   -582.054107987304  0.215322399738E-02
  400   -582.054107987304  0.215322399738E-02
  401   -582.054106204490  0.285560063191E-02
  402   -582.054106204490  0.285560063191E-02
  403   -582.054104028790  0.347982861884E-02
  404   -582.054104028790  0.347982861884E-02
  405   -582.054101580124  0.397214104573E-02
  406   -582.054101580124  0.397214104573E-02
  407   -582.054097469749  0.449702289150E-02
  408   -582.054097469749  0.449702289150E-02
  409   -582.054090088761  0.497954427575E-02
  410   -582.054090088761  0.497954427575E-02
  411   -582.054079077900  0.499031099613E-02
  412   -582.054079077900  0.499031099613E-02
  413   -582.054068055262  0.435287209164E-02
  414   -582.054068055262  0.435287209164E-02
  415   -582.054064406655  0.361485582380E-02
  416   -582.054064406655  0.361485582380E-02
  417   -582.054064609416  0.313511793073E-02
  418   -582.054064609416  0.313511793073E-02
  419   -582.054065526187  0.274934217419E-02
  420   -582.054065526187  0.274934217419E-02
  421   -582.054065983330  0.252117922579E-02
  422   -582.054065983330  0.252117922579E-02
  423   -582.054065120670  0.260018332989E-02
  424   -582.054065120670  0.260018332989E-02
  425   -582.054063734286  0.274784643892E-02
  426   -582.054063734286  0.274784643892E-02
  427   -582.054062868953  0.290307344388E-02
  428   -582.054062868953  0.290307344388E-02
  429   -582.054063107977  0.324838670277E-02
  430   -582.054063107977  0.324838670277E-02
  431   -582.054066324881  0.395134774644E-02
  432   -582.054066324881  0.395134774644E-02
  433   -582.054075091021  0.483906304436E-02
  434   -582.054075091021  0.483906304436E-02
  435   -582.054088870156  0.528587319719E-02
  436   -582.054088870156  0.528587319719E-02
  437   -582.054103272662  0.501217134952E-02
  438   -582.054103272662  0.501217134952E-02
  439   -582.054115968451  0.431742211294E-02
  440   -582.054115968451  0.431742211294E-02
  441   -582.054128550549  0.342212347806E-02
  442   -582.054128550549  0.342212347806E-02
  443   -582.054139862434  0.268906713067E-02
  444   -582.054139862434  0.268906713067E-02
  445   -582.054146077591  0.254485020858E-02
  446   -582.054146077591  0.254485020858E-02
  447   -582.054146797601  0.256939631595E-02
  448   -582.054146797601  0.256939631595E-02
  449   -582.054146374779  0.252441085094E-02
  450   -582.054146374779  0.252441085094E-02
  451   -582.054146104849  0.236613301587E-02
  452   -582.054146104849  0.236613301587E-02
  453   -582.054147018164  0.213808206432E-02
  454   -582.054147018164  0.213808206432E-02
  455   -582.054148934880  0.192828215455E-02
  456   -582.054148934880  0.192828215455E-02
  457   -582.054150748791  0.177237224169E-02
  458   -582.054150748791  0.177237224169E-02
  459   -582.054152213363  0.170003401673E-02
  460   -582.054152213363  0.170003401673E-02
  461   -582.054153548552  0.173689515451E-02
  462   -582.054153548552  0.173689515451E-02
  463   -582.054154135934  0.182131937437E-02
  464   -582.054154135934  0.182131937437E-02
  465   -582.054153132606  0.160344663915E-02
  466   -582.054153132606  0.160344663915E-02
  467   -582.054151336824  0.116674093987E-02
  468   -582.054151336824  0.116674093987E-02
  469   -582.054150122609  0.928166140433E-03
  470   -582.054150122609  0.928166140433E-03
  471   -582.054149522029  0.870018589193E-03
  472   -582.054149522029  0.870018589193E-03
  473   -582.054149205577  0.933753920365E-03
  474   -582.054149205577  0.933753920365E-03
  475   -582.054149417052  0.108940665976E-02
  476   -582.054149417052  0.108940665976E-02
  477   -582.054150101987  0.123596408038E-02
  478   -582.054150101987  0.123596408038E-02
  479   -582.054151028868  0.134957974610E-02
  480   -582.054151028868  0.134957974610E-02
  481   -582.054152123152  0.146378097867E-02
  482   -582.054152123152  0.146378097867E-02
  483   -582.054153209920  0.160411088949E-02
  484   -582.054153209920  0.160411088949E-02
  485   -582.054153773049  0.172532778717E-02
  486   -582.054153773049  0.172532778717E-02
  487   -582.054153568283  0.175811939909E-02
  488   -582.054153568283  0.175811939909E-02
  489   -582.054153026570  0.169510724727E-02
  490   -582.054153026570  0.169510724727E-02
  491   -582.054152667207  0.155696018072E-02
  492   -582.054152667207  0.155696018072E-02
  493   -582.054152920601  0.132865583396E-02
  494   -582.054152920601  0.132865583396E-02
  495   -582.054154067734  0.993727242357E-03
  496   -582.054154067734  0.993727242357E-03
  497   -582.054155534199  0.727890584115E-03
  498   -582.054155534199  0.727890584115E-03
  499   -582.054156488938  0.695841444778E-03
  500   -582.054156488938  0.695841444778E-03
  501   -582.054157069328  0.773002950327E-03
  502   -582.054157069328  0.773002950327E-03
  503   -582.054157783724  0.977205687040E-03
  504   -582.054157783724  0.977205687040E-03
  505   -582.054158732347  0.135692047852E-02
  506   -582.054158732347  0.135692047852E-02
  507   -582.054160008718  0.194168851336E-02
  508   -582.054160008718  0.194168851336E-02
  509   -582.054161592909  0.267237627562E-02
  510   -582.054161592909  0.267237627562E-02
  511   -582.054163260748  0.336578489275E-02
  512   -582.054163260748  0.336578489275E-02
  513   -582.054164894177  0.385061166877E-02
  514   -582.054164894177  0.385061166877E-02
  515   -582.054166969099  0.415843958550E-02
  516   -582.054166969099  0.415843958550E-02
  517   -582.054170357789  0.438812099238E-02
  518   -582.054170357789  0.438812099238E-02
  519   -582.054176080358  0.462455856336E-02
  520   -582.054176080358  0.462455856336E-02
  521   -582.054183402420  0.478373677272E-02
  522   -582.054183402420  0.478373677272E-02
  523   -582.054190098394  0.479645728292E-02
  524   -582.054190098394  0.479645728292E-02
  525   -582.054194291422  0.463833714298E-02
  526   -582.054194291422  0.463833714298E-02
  527   -582.054196477555  0.439236374811E-02
  528   -582.054196477555  0.439236374811E-02
  529   -582.054196734290  0.401933652284E-02
  530   -582.054196734290  0.401933652284E-02
  531   -582.054195068391  0.354436023473E-02
  532   -582.054195068391  0.354436023473E-02
  533   -582.054192561528  0.314699179798E-02
  534   -582.054192561528  0.314699179798E-02
  535   -582.054190723390  0.296143233447E-02
  536   -582.054190723390  0.296143233447E-02
  537   -582.054189722056  0.302043732837E-02
  538   -582.054189722056  0.302043732837E-02
  539   -582.054189412963  0.338647079369E-02
  540   -582.054189412963  0.338647079369E-02
  541   -582.054189967628  0.406025343388E-02
  542   -582.054189967628  0.406025343388E-02
  543   -582.054191355522  0.473338648411E-02
  544   -582.054191355522  0.473338648411E-02
  545   -582.054192901779  0.495496630894E-02
  546   -582.054192901779  0.495496630894E-02
  547   -582.054194034306  0.463787984860E-02
  548   -582.054194034306  0.463787984860E-02
  549   -582.054194629082  0.409384205833E-02
  550   -582.054194629082  0.409384205833E-02
  551   -582.054194307193  0.354229460138E-02
  552   -582.054194307193  0.354229460138E-02
  553   -582.054192961553  0.299606751981E-02
  554   -582.054192961553  0.299606751981E-02
  555   -582.054191179277  0.255131641124E-02
  556   -582.054191179277  0.255131641124E-02
  557   -582.054190065627  0.228734254288E-02
  558   -582.054190065627  0.228734254288E-02
  559   -582.054189796339  0.212787422986E-02
  560   -582.054189796339  0.212787422986E-02
  561   -582.054190425334  0.201229652868E-02
  562   -582.054190425334  0.201229652868E-02
  563   -582.054192099253  0.196014240601E-02
  564   -582.054192099253  0.196014240601E-02
  565   -582.054194419747  0.199469667616E-02
  566   -582.054194419747  0.199469667616E-02
  567   -582.054196666409  0.206675548049E-02
  568   -582.054196666409  0.206675548049E-02
  569   -582.054198735129  0.214259907687E-02
  570   -582.054198735129  0.214259907687E-02
  571   -582.054201087902  0.217940300490E-02
  572   -582.054201087902  0.217940300490E-02
  573   -582.054203639632  0.204019757686E-02
  574   -582.054203639632  0.204019757686E-02
  575   -582.054205528332  0.164913135970E-02
  576   -582.054205528332  0.164913135970E-02
  577   -582.054206229357  0.138548666757E-02
  578   -582.054206229357  0.138548666757E-02
  579   -582.054206385663  0.139336894965E-02
  580   -582.054206385663  0.139336894965E-02
  581   -582.054206668009  0.142978206395E-02
  582   -582.054206668009  0.142978206395E-02
  583   -582.054207442366  0.142586310609E-02
  584   -582.054207442366  0.142586310609E-02
  585   -582.054208596544  0.133153553625E-02
  586   -582.054208596544  0.133153553625E-02
  587   -582.054209639561  0.117085783149E-02
  588   -582.054209639561  0.117085783149E-02
  589   -582.054210193992  0.101049124761E-02
  590   -582.054210193992  0.101049124761E-02
  591   -582.054210462012  0.881813413213E-03
  592   -582.054210462012  0.881813413213E-03
  593   -582.054210565151  0.879728012136E-03
  594   -582.054210565151  0.879728012136E-03
  595   -582.054210594020  0.105159210774E-02
  596   -582.054210594020  0.105159210774E-02
  597   -582.054210743874  0.128309599581E-02
  598   -582.054210743874  0.128309599581E-02
  599   -582.054211224852  0.143525518829E-02
  600   -582.054211224852  0.143525518829E-02
  601   -582.054212370762  0.148006783382E-02
  602   -582.054212370762  0.148006783382E-02
  603   -582.054214337874  0.135468365460E-02
  604   -582.054214337874  0.135468365460E-02
  605   -582.054216905324  0.113722213999E-02
  606   -582.054216905324  0.113722213999E-02
  607   -582.054218639293  0.103801178438E-02
  608   -582.054218639293  0.103801178438E-02
  609   -582.054219606349  0.104550615445E-02
  610   -582.054219606349  0.104550615445E-02
  611   -582.054220243245  0.106146047983E-02
  612   -582.054220243245  0.106146047983E-02
  613   -582.054221137241  0.109718913220E-02
  614   -582.054221137241  0.109718913220E-02
  615   -582.054222237118  0.115942190195E-02
  616   -582.054222237118  0.115942190195E-02
  617   -582.054223539775  0.125315982151E-02
  618   -582.054223539775  0.125315982151E-02
  619   -582.054224841266  0.134150175355E-02
  620   -582.054224841266  0.134150175355E-02
  621   -582.054226630728  0.146787864475E-02
  622   -582.054226630728  0.146787864475E-02
  623   -582.054229524743  0.167928760139E-02
  624   -582.054229524743  0.167928760139E-02
  625   -582.054234450867  0.199654080669E-02
  626   -582.054234450867  0.199654080669E-02
  627   -582.054241105309  0.225311924764E-02
  628   -582.054241105309  0.225311924764E-02
  629   -582.054246765750  0.215879806438E-02
  630   -582.054246765750  0.215879806438E-02
  631   -582.054250241668  0.178814282528E-02
  632   -582.054250241668  0.178814282528E-02
  633   -582.054252021211  0.136879341511E-02
  634   -582.054252021211  0.136879341511E-02
  635   -582.054253106730  0.107550199402E-02
  636   -582.054253106730  0.107550199402E-02
  637   -582.054254477705  0.119899698343E-02
  638   -582.054254477705  0.119899698343E-02
  639   -582.054256006577  0.155306990406E-02
  640   -582.054256006577  0.155306990406E-02
  641   -582.054257895227  0.188758167761E-02
  642   -582.054257895227  0.188758167761E-02
  643   -582.054260156651  0.214555975740E-02
  644   -582.054260156651  0.214555975740E-02
  645   -582.054263372066  0.236933618881E-02
  646   -582.054263372066  0.236933618881E-02
  647   -582.054267035784  0.248445731319E-02
  648   -582.054267035784  0.248445731319E-02
  649   -582.054269317858  0.237671554676E-02
  650   -582.054269317858  0.237671554676E-02
  651   -582.054269885671  0.220603164943E-02
  652   -582.054269885671  0.220603164943E-02
  653   -582.054269514891  0.208028953963E-02
  654   -582.054269514891  0.208028953963E-02
  655   -582.054268831073  0.197318130841E-02
  656   -582.054268831073  0.197318130841E-02
  657   -582.054267943174  0.184239700061E-02
  658   -582.054267943174  0.184239700061E-02
  659   -582.054267049952  0.163895385003E-02
  660   -582.054267049952  0.163895385003E-02
  661   -582.054266502847  0.133210811522E-02
  662   -582.054266502847  0.133210811522E-02
  663   -582.054266237464  0.110349624231E-02
  664   -582.054266237464  0.110349624231E-02
  665   -582.054266075317  0.100749741564E-02
  666   -582.054266075317  0.100749741564E-02
  667   -582.054265485333  0.105384348463E-02
  668   -582.054265485333  0.105384348463E-02
  669   -582.054263899280  0.131968622856E-02
  670   -582.054263899280  0.131968622856E-02
  671   -582.054261235023  0.168113014327E-02
  672   -582.054261235023  0.168113014327E-02
  673   -582.054257593228  0.200655801101E-02
  674   -582.054257593228  0.200655801101E-02
  675   -582.054253146665  0.221282661175E-02
  676   -582.054253146665  0.221282661175E-02
  677   -582.054247592457  0.226136414913E-02
  678   -582.054247592457  0.226136414913E-02
  679   -582.054240501528  0.207263586154E-02
  680   -582.054240501528  0.207263586154E-02
  681   -582.054233482436  0.161421231673E-02
  682   -582.054233482436  0.161421231673E-02
  683   -582.054229757324  0.116973476416E-02
  684   -582.054229757324  0.116973476416E-02
  685   -582.054229098484  0.986947876563E-03
  686   -582.054229098484  0.986947876563E-03
  687   -582.054229029297  0.903844318406E-03
  688   -582.054229029297  0.903844318406E-03
  689   -582.054228660493  0.819322318565E-03
  690   -582.054228660493  0.819322318565E-03
  691   -582.054227453163  0.747933969933E-03
  692   -582.054227453163  0.747933969933E-03
  693   -582.054225966983  0.691352185258E-03
  694   -582.054225966983  0.691352185258E-03
  695   -582.054225017226  0.654680919312E-03
  696   -582.054225017226  0.654680919312E-03
  697   -582.054224489309  0.652846743541E-03
  698   -582.054224489309  0.652846743541E-03
  699   -582.054224418401  0.699453452095E-03
  700   -582.054224418401  0.699453452095E-03
  701   -582.054224957980  0.819940755165E-03
  702   -582.054224957980  0.819940755165E-03
  703   -582.054226391561  0.927836560603E-03
  704   -582.054226391561  0.927836560603E-03
  705   -582.054228355776  0.915969530552E-03
  706   -582.054228355776  0.915969530552E-03
  707   -582.054229747209  0.812183859056E-03
  708   -582.054229747209  0.812183859056E-03
  709   -582.054230416116  0.709235437845E-03
  710   -582.054230416116  0.709235437845E-03
  711   -582.054230511094  0.652141033141E-03
  712   -582.054230511094  0.652141033141E-03
  713   -582.054230150043  0.666697914467E-03
  714   -582.054230150043  0.666697914467E-03
  715   -582.054229573719  0.717497584129E-03
  716   -582.054229573719  0.717497584129E-03
  717   -582.054229065555  0.756661758898E-03
  718   -582.054229065555  0.756661758898E-03
  719   -582.054228771909  0.772428778047E-03
  720   -582.054228771909  0.772428778047E-03
  721   -582.054228585819  0.789026158615E-03
  722   -582.054228585819  0.789026158615E-03
  723   -582.054228477948  0.823913022698E-03
  724   -582.054228477948  0.823913022698E-03
  725   -582.054228360684  0.897728563390E-03
  726   -582.054228360684  0.897728563390E-03
  727   -582.054228128763  0.992543208530E-03
  728   -582.054228128763  0.992543208530E-03
  729   -582.054227594698  0.110314516654E-02
  730   -582.054227594698  0.110314516654E-02
  731   -582.054226419743  0.125640609210E-02
  732   -582.054226419743  0.125640609210E-02
  733   -582.054223951611  0.144422658438E-02
  734   -582.054223951611  0.144422658438E-02
  735   -582.054219748939  0.151442210476E-02
  736   -582.054219748939  0.151442210476E-02
  737   -582.054214936811  0.128082224724E-02
  738   -582.054214936811  0.128082224724E-02
  739   -582.054212411481  0.962017868044E-03
  740   -582.054212411481  0.962017868044E-03
  741   -582.054212096864  0.890469944214E-03
  742   -582.054212096864  0.890469944214E-03
  743   -582.054212467006  0.938637897028E-03
  744   -582.054212467006  0.938637897028E-03
  745   -582.054213101833  0.108663052326E-02
  746   -582.054213101833  0.108663052326E-02
  747   -582.054213572305  0.135426919399E-02
  748   -582.054213572305  0.135426919399E-02
  749   -582.054213602535  0.168773848776E-02
  750   -582.054213602535  0.168773848776E-02
  751   -582.054213022784  0.198398652052E-02
  752   -582.054213022784  0.198398652052E-02
  753   -582.054212102713  0.221332754757E-02
  754   -582.054212102713  0.221332754757E-02
  755   -582.054211161367  0.241947181703E-02
  756   -582.054211161367  0.241947181703E-02
  757   -582.054210935521  0.265644701570E-02
  758   -582.054210935521  0.265644701570E-02
  759   -582.054212461902  0.292792532597E-02
  760   -582.054212461902  0.292792532597E-02
  761   -582.054216220058  0.314654241092E-02
  762   -582.054216220058  0.314654241092E-02
  763   -582.054220838312  0.321114449312E-02
  764   -582.054220838312  0.321114449312E-02
  765   -582.054225059786  0.313778190943E-02
  766   -582.054225059786  0.313778190943E-02
  767   -582.054229107714  0.295342905740E-02
  768   -582.054229107714  0.295342905740E-02
  769   -582.054232854350  0.266462085996E-02
  770   -582.054232854350  0.266462085996E-02
  771   -582.054234979096  0.235348458257E-02
  772   -582.054234979096  0.235348458257E-02
  773   -582.054234660316  0.214370520608E-02
  774   -582.054234660316  0.214370520608E-02
  775   -582.054233492053  0.203807330506E-02
  776   -582.054233492053  0.203807330506E-02
  777   -582.054232712035  0.200503116631E-02
  778   -582.054232712035  0.200503116631E-02
  779   -582.054232388783  0.206187846686E-02
  780   -582.054232388783  0.206187846686E-02
  781   -582.054233032555  0.228772742119E-02
  782   -582.054233032555  0.228772742119E-02
  783   -582.054234883368  0.256787722075E-02
  784   -582.054234883368  0.256787722075E-02
  785   -582.054237297385  0.270611839728E-02
  786   -582.054237297385  0.270611839728E-02
  787   -582.054239332883  0.267044263001E-02
  788   -582.054239332883  0.267044263001E-02
  789   -582.054240801357  0.253503420861E-02
  790   -582.054240801357  0.253503420861E-02
  791   -582.054241315076  0.227817634032E-02
  792   -582.054241315076  0.227817634032E-02
  793   -582.054240348325  0.182105287996E-02
  794   -582.054240348325  0.182105287996E-02
  795   -582.054238799496  0.128407124775E-02
  796   -582.054238799496  0.128407124775E-02
  797   -582.054237969599  0.981053570682E-03
  798   -582.054237969599  0.981053570682E-03
  799   -582.054237755430  0.860318260167E-03
  800   -582.054237755430  0.860318260167E-03
  801   -582.054237797937  0.805389500946E-03
  802   -582.054237797937  0.805389500946E-03
  803   -582.054238134850  0.846930919045E-03
  804   -582.054238134850  0.846930919045E-03
  805   -582.054238651676  0.933624600964E-03
  806   -582.054238651676  0.933624600964E-03
  807   -582.054239050291  0.989651633668E-03
  808   -582.054239050291  0.989651633668E-03
  809   -582.054239326451  0.102237433231E-02
  810   -582.054239326451  0.102237433231E-02
  811   -582.054239506517  0.105515729716E-02
  812   -582.054239506517  0.105515729716E-02
  813   -582.054239521870  0.107265917443E-02
  814   -582.054239521870  0.107265917443E-02
  815   -582.054239339135  0.100572356346E-02
  816   -582.054239339135  0.100572356346E-02
  817   -582.054239112049  0.871167111905E-03
  818   -582.054239112049  0.871167111905E-03
  819   -582.054239009577  0.764916824950E-03
  820   -582.054239009577  0.764916824950E-03
  821   -582.054239010098  0.680911301590E-03
  822   -582.054239010098  0.680911301590E-03
  823   -582.054239105859  0.608246621553E-03
  824   -582.054239105859  0.608246621553E-03
  825   -582.054239249659  0.547034029813E-03
  826   -582.054239249659  0.547034029813E-03
  827   -582.054239351780  0.517656111016E-03
  828   -582.054239351780  0.517656111016E-03
  829   -582.054239361569  0.518297003474E-03
  830   -582.054239361569  0.518297003474E-03
  831   -582.054239297660  0.540824262259E-03
  832   -582.054239297660  0.540824262259E-03
  833   -582.054239110308  0.607377590535E-03
  834   -582.054239110308  0.607377590535E-03
  835   -582.054238725655  0.726325607154E-03
  836   -582.054238725655  0.726325607154E-03
  837   -582.054238173689  0.851996912044E-03
  838   -582.054238173689  0.851996912044E-03
  839   -582.054237580069  0.948320286792E-03
  840   -582.054237580069  0.948320286792E-03
  841   -582.054237070733  0.996816054047E-03
  842   -582.054237070733  0.996816054047E-03
  843   -582.054236461408  0.102939332617E-02
  844   -582.054236461408  0.102939332617E-02
  845   -582.054235558250  0.104660575733E-02
  846   -582.054235558250  0.104660575733E-02
  847   -582.054234386778  0.990003239652E-03
  848   -582.054234386778  0.990003239652E-03
  849   -582.054233367769  0.868968807196E-03
  850   -582.054233367769  0.868968807196E-03
  851   -582.054232910449  0.793492659787E-03
  852   -582.054232910449  0.793492659787E-03
  853   -582.054232711717  0.765019491277E-03
  854   -582.054232711717  0.765019491277E-03
  855   -582.054232470541  0.756527775597E-03
  856   -582.054232470541  0.756527775597E-03
  857   -582.054231987600  0.786591635904E-03
  858   -582.054231987600  0.786591635904E-03
  859   -582.054231245306  0.866765431150E-03
  860   -582.054231245306  0.866765431150E-03
  861   -582.054230509354  0.965720689022E-03
  862   -582.054230509354  0.965720689022E-03
  863   -582.054229957608  0.105818871813E-02
  864   -582.054229957608  0.105818871813E-02
  865   -582.054229312353  0.120031036365E-02
  866   -582.054229312353  0.120031036365E-02
  867   -582.054228328114  0.144165749444E-02
  868   -582.054228328114  0.144165749444E-02
  869   -582.054226433327  0.181933883126E-02
  870   -582.054226433327  0.181933883126E-02
  871   -582.054223751515  0.207206488320E-02
  872   -582.054223751515  0.207206488320E-02
  873   -582.054220817602  0.201282611557E-02
  874   -582.054220817602  0.201282611557E-02
  875   -582.054219442380  0.175779174299E-02
  876   -582.054219442380  0.175779174299E-02
  877   -582.054219085028  0.153890067356E-02
  878   -582.054219085028  0.153890067356E-02
  879   -582.054218791525  0.133407092241E-02
  880   -582.054218791525  0.133407092241E-02
  881   -582.054218038812  0.113886551760E-02
  882   -582.054218038812  0.113886551760E-02
  883   -582.054216751235  0.106156648684E-02
  884   -582.054216751235  0.106156648684E-02
  885   -582.054215744722  0.104991915929E-02
  886   -582.054215744722  0.104991915929E-02
  887   -582.054215214977  0.104753472256E-02
  888   -582.054215214977  0.104753472256E-02
  889   -582.054214976534  0.105707513636E-02
  890   -582.054214976534  0.105707513636E-02
  891   -582.054215178448  0.112108904850E-02
  892   -582.054215178448  0.112108904850E-02
  893   -582.054216117330  0.123518413182E-02
  894   -582.054216117330  0.123518413182E-02
  895   -582.054217625379  0.133352292194E-02
  896   -582.054217625379  0.133352292194E-02
  897   -582.054218990343  0.137693979211E-02
  898   -582.054218990343  0.137693979211E-02
  899   -582.054220258232  0.137690563344E-02
  900   -582.054220258232  0.137690563344E-02
  901   -582.054221906738  0.133336758095E-02
  902   -582.054221906738  0.133336758095E-02
  903   -582.054223800460  0.118266899453E-02
  904   -582.054223800460  0.118266899453E-02
  905   -582.054224817942  0.857154375467E-03
  906   -582.054224817942  0.857154375467E-03
  907   -582.054224784821  0.626801437057E-03
  908   -582.054224784821  0.626801437057E-03
  909   -582.054224561429  0.581543585895E-03
  910   -582.054224561429  0.581543585895E-03
  911   -582.054224510741  0.567954098034E-03
  912   -582.054224510741  0.567954098034E-03
  913   -582.054224771877  0.573852869995E-03
  914   -582.054224771877  0.573852869995E-03
  915   -582.054225678668  0.633064533870E-03
  916   -582.054225678668  0.633064533870E-03
  917   -582.054227085075  0.710856252024E-03
  918   -582.054227085075  0.710856252024E-03
  919   -582.054228431669  0.752583905901E-03
  920   -582.054228431669  0.752583905901E-03
  921   -582.054229718185  0.769394256694E-03
  922   -582.054229718185  0.769394256694E-03
  923   -582.054231491831  0.784543907127E-03
  924   -582.054231491831  0.784543907127E-03
  925   -582.054234038614  0.784040274546E-03
  926   -582.054234038614  0.784040274546E-03
  927   -582.054236919731  0.709847560203E-03
  928   -582.054236919731  0.709847560203E-03
  929   -582.054238440715  0.543112064353E-03
  930   -582.054238440715  0.543112064353E-03
  931   -582.054238513094  0.415803271391E-03
  932   -582.054238513094  0.415803271391E-03
  933   -582.054238390156  0.348002889139E-03
  934   -582.054238390156  0.348002889139E-03
  935   -582.054238513493  0.286241602151E-03
  936   -582.054238513493  0.286241602151E-03
  937   -582.054238994407  0.262601184716E-03
  938   -582.054238994407  0.262601184716E-03
  939   -582.054239949528  0.301938247630E-03
  940   -582.054239949528  0.301938247630E-03
  941   -582.054240961655  0.348818010912E-03
  942   -582.054240961655  0.348818010912E-03
  943   -582.054241603654  0.369447164062E-03
  944   -582.054241603654  0.369447164062E-03
  945   -582.054242695414  0.404922710668E-03
  946   -582.054242695414  0.404922710668E-03
  947   -582.054243829234  0.430798408785E-03
  948   -582.054243829234  0.430798408785E-03
  949   -582.054245486849  0.453523725599E-03
  950   -582.054245486849  0.453523725599E-03
  951   -582.054246460495  0.454132909656E-03
  952   -582.054246460495  0.454132909656E-03
  953   -582.054246554019  0.452453066755E-03
  954   -582.054246554019  0.452453066755E-03
  955   -582.054247413255  0.451692604764E-03
  956   -582.054247413255  0.451692604764E-03
  957   -582.054246512854  0.450916444220E-03
  958   -582.054246512854  0.450916444220E-03
  959   -582.054246512854  0.450916444220E-03
  960   -582.054246512854  0.450916444220E-03
  961   -582.054246501847  0.422967293267E-03
  962   -582.054246501847  0.422967293267E-03
  963   -582.054246286946  0.258237069251E-03
  964   -582.054246286946  0.258237069251E-03
  965   -582.054246244269  0.269931283072E-03
  966   -582.054246244269  0.269931283072E-03
  967   -582.054245755648  0.373225968344E-03
  968   -582.054245755648  0.373225968344E-03
  969   -582.054245062505  0.456400258211E-03
  970   -582.054245062505  0.456400258211E-03
  971   -582.054243768720  0.543772321793E-03
  972   -582.054243768720  0.543772321793E-03
  973   -582.054242859623  0.576491839452E-03
  974   -582.054242859623  0.576491839452E-03
  975   -582.054242332063  0.589040158295E-03
  976   -582.054242332063  0.589040158295E-03
  977   -582.054241958464  0.582230004875E-03
  978   -582.054241958464  0.582230004875E-03
  979   -582.054241319804  0.545778086771E-03
  980   -582.054241319804  0.545778086771E-03
  981   -582.054240273810  0.479412535727E-03
  982   -582.054240273810  0.479412535727E-03
  983   -582.054239304293  0.421465077704E-03
  984   -582.054239304293  0.421465077704E-03
  985   -582.054238925375  0.404866197359E-03
  986   -582.054238925375  0.404866197359E-03
  987   -582.054238721858  0.412702757959E-03
  988   -582.054238721858  0.412702757959E-03
  989   -582.054238399618  0.447415783364E-03
  990   -582.054238399618  0.447415783364E-03
  991   -582.054237544517  0.553372387332E-03
  992   -582.054237544517  0.553372387332E-03
  993   -582.054235505597  0.737456801922E-03
  994   -582.054235505597  0.737456801922E-03
  995   -582.054231479741  0.898753942223E-03
  996   -582.054231479741  0.898753942223E-03
  997   -582.054226161184  0.853694808387E-03
  998   -582.054226161184  0.853694808387E-03
  999   -582.054223210777  0.670184468718E-03
 1000   -582.054223210777  0.670184468718E-03
 1001   -582.054222906260  0.600108860003E-03
 1002   -582.054222906260  0.600108860003E-03
 1003   -582.054223453724  0.572005741740E-03
 1004   -582.054223453724  0.572005741740E-03
 1005   -582.054224308268  0.536880147400E-03
 1006   -582.054224308268  0.536880147400E-03
 1007   -582.054224973974  0.552279462536E-03
 1008   -582.054224973974  0.552279462536E-03
 1009   -582.054224920105  0.686987693293E-03
 1010   -582.054224920105  0.686987693293E-03
 1011   -582.054224139819  0.817419756371E-03
 1012   -582.054224139819  0.817419756371E-03
 1013   -582.054223276026  0.882732281258E-03
 1014   -582.054223276026  0.882732281258E-03
 1015   -582.054222513445  0.930831777864E-03
 1016   -582.054222513445  0.930831777864E-03
 1017   -582.054222084549  0.100076145109E-02
 1018   -582.054222084549  0.100076145109E-02
 1019   -582.054223034819  0.110534123600E-02
 1020   -582.054223034819  0.110534123600E-02
 1021   -582.054226858448  0.113700619732E-02
 1022   -582.054226858448  0.113700619732E-02
 1023   -582.054232908038  0.102953780390E-02
 1024   -582.054232908038  0.102953780390E-02
 1025   -582.054236854447  0.933685383180E-03
 1026   -582.054236854447  0.933685383180E-03
 1027   -582.054238294481  0.882489872273E-03
 1028   -582.054238294481  0.882489872273E-03
 1029   -582.054239403343  0.833338590931E-03
 1030   -582.054239403343  0.833338590931E-03
 1031   -582.054241134104  0.799963893298E-03
 1032   -582.054241134104  0.799963893298E-03
 1033   -582.054243690060  0.886844142090E-03
 1034   -582.054243690060  0.886844142090E-03
 1035   -582.054246084380  0.107895127826E-02
 1036   -582.054246084380  0.107895127826E-02
 1037   -582.054247087866  0.117921350377E-02
 1038   -582.054247087866  0.117921350377E-02
 1039   -582.054247356332  0.117102527695E-02
 1040   -582.054247356332  0.117102527695E-02
 1041   -582.054247515368  0.109769039207E-02
 1042   -582.054247515368  0.109769039207E-02
 1043   -582.054248219999  0.980955338328E-03
 1044   -582.054248219999  0.980955338328E-03
 1045   -582.054249737864  0.866121615147E-03
 1046   -582.054249737864  0.866121615147E-03
 1047   -582.054251217431  0.681743265626E-03
 1048   -582.054251217431  0.681743265626E-03
 1049   -582.054251805582  0.495901307062E-03
 1050   -582.054251805582  0.495901307062E-03
 1051   -582.054251960478  0.395926048191E-03
 1052   -582.054251960478  0.395926048191E-03
 1053   -582.054252013705  0.289753415379E-03
 1054   -582.054252013705  0.289753415379E-03
